Java version:    <16.0.1>
Java VM Version: <16.0.1+9-24>

*******************************************************************
***** Starting zoo simulation *****
*******************************************************************

*******************************************************************
***** Loading animal objects into data list... *****
*******************************************************************
monkey::animalFactory(): Returning new object: <1>
monkey::ctor(): Initialising instance: <1>

giraffe::animalFactory(): Returning new object: <2>
giraffe::ctor(): Initialising instance: <2>

elephant::animalFactory(): Returning new object: <3>
elephant::ctor(): Initialising instance: <3>

monkey::animalFactory(): Returning new object: <4>
monkey::ctor(): Initialising instance: <4>

giraffe::animalFactory(): Returning new object: <5>
giraffe::ctor(): Initialising instance: <5>

elephant::animalFactory(): Returning new object: <6>
elephant::ctor(): Initialising instance: <6>

monkey::animalFactory(): Returning new object: <7>
monkey::ctor(): Initialising instance: <7>

giraffe::animalFactory(): Returning new object: <8>
giraffe::ctor(): Initialising instance: <8>

elephant::animalFactory(): Returning new object: <9>
elephant::ctor(): Initialising instance: <9>

monkey::animalFactory(): Returning new object: <10>
monkey::ctor(): Initialising instance: <10>

giraffe::animalFactory(): Returning new object: <11>
giraffe::ctor(): Initialising instance: <11>

elephant::animalFactory(): Returning new object: <12>
elephant::ctor(): Initialising instance: <12>

monkey::animalFactory(): Returning new object: <13>
monkey::ctor(): Initialising instance: <13>

giraffe::animalFactory(): Returning new object: <14>
giraffe::ctor(): Initialising instance: <14>

elephant::animalFactory(): Returning new object: <15>
elephant::ctor(): Initialising instance: <15>


*******************************************************************
***** Printing attributes of all instances... *****
*******************************************************************
 Type:           <Monkey>
 Name:           <Monkey-1>
 Idx:            <1>
 Status:         <HEALTHY>
 Current Health: <100.0>     (Threshold: <30.0>)
 Prev Health:    <0.0>
 Health Runs:    <0>
 Feed Runs:      <0>
 Feed Value:     <0.0>
-------------------------------------------------------------------
 Type:           <Giraffe>
 Name:           <Giraffe-2>
 Idx:            <2>
 Status:         <HEALTHY>
 Current Health: <100.0>     (Threshold: <50.0>)
 Prev Health:    <0.0>
 Health Runs:    <0>
 Feed Runs:      <0>
 Feed Value:     <0.0>
-------------------------------------------------------------------
 Type:           <Elephant>
 Name:           <Elephant-3>
 Idx:            <3>
 Status:         <HEALTHY>
 Current Health: <100.0>     (Threshold: <70.0>)
 Prev Health:    <0.0>
 Health Runs:    <0>
 Feed Runs:      <0>
 Feed Value:     <0.0>
-------------------------------------------------------------------
 Type:           <Monkey>
 Name:           <Monkey-4>
 Idx:            <4>
 Status:         <HEALTHY>
 Current Health: <100.0>     (Threshold: <30.0>)
 Prev Health:    <0.0>
 Health Runs:    <0>
 Feed Runs:      <0>
 Feed Value:     <0.0>
-------------------------------------------------------------------
 Type:           <Giraffe>
 Name:           <Giraffe-5>
 Idx:            <5>
 Status:         <HEALTHY>
 Current Health: <100.0>     (Threshold: <50.0>)
 Prev Health:    <0.0>
 Health Runs:    <0>
 Feed Runs:      <0>
 Feed Value:     <0.0>
-------------------------------------------------------------------
 Type:           <Elephant>
 Name:           <Elephant-6>
 Idx:            <6>
 Status:         <HEALTHY>
 Current Health: <100.0>     (Threshold: <70.0>)
 Prev Health:    <0.0>
 Health Runs:    <0>
 Feed Runs:      <0>
 Feed Value:     <0.0>
-------------------------------------------------------------------
 Type:           <Monkey>
 Name:           <Monkey-7>
 Idx:            <7>
 Status:         <HEALTHY>
 Current Health: <100.0>     (Threshold: <30.0>)
 Prev Health:    <0.0>
 Health Runs:    <0>
 Feed Runs:      <0>
 Feed Value:     <0.0>
-------------------------------------------------------------------
 Type:           <Giraffe>
 Name:           <Giraffe-8>
 Idx:            <8>
 Status:         <HEALTHY>
 Current Health: <100.0>     (Threshold: <50.0>)
 Prev Health:    <0.0>
 Health Runs:    <0>
 Feed Runs:      <0>
 Feed Value:     <0.0>
-------------------------------------------------------------------
 Type:           <Elephant>
 Name:           <Elephant-9>
 Idx:            <9>
 Status:         <HEALTHY>
 Current Health: <100.0>     (Threshold: <70.0>)
 Prev Health:    <0.0>
 Health Runs:    <0>
 Feed Runs:      <0>
 Feed Value:     <0.0>
-------------------------------------------------------------------
 Type:           <Monkey>
 Name:           <Monkey-10>
 Idx:            <10>
 Status:         <HEALTHY>
 Current Health: <100.0>     (Threshold: <30.0>)
 Prev Health:    <0.0>
 Health Runs:    <0>
 Feed Runs:      <0>
 Feed Value:     <0.0>
-------------------------------------------------------------------
 Type:           <Giraffe>
 Name:           <Giraffe-11>
 Idx:            <11>
 Status:         <HEALTHY>
 Current Health: <100.0>     (Threshold: <50.0>)
 Prev Health:    <0.0>
 Health Runs:    <0>
 Feed Runs:      <0>
 Feed Value:     <0.0>
-------------------------------------------------------------------
 Type:           <Elephant>
 Name:           <Elephant-12>
 Idx:            <12>
 Status:         <HEALTHY>
 Current Health: <100.0>     (Threshold: <70.0>)
 Prev Health:    <0.0>
 Health Runs:    <0>
 Feed Runs:      <0>
 Feed Value:     <0.0>
-------------------------------------------------------------------
 Type:           <Monkey>
 Name:           <Monkey-13>
 Idx:            <13>
 Status:         <HEALTHY>
 Current Health: <100.0>     (Threshold: <30.0>)
 Prev Health:    <0.0>
 Health Runs:    <0>
 Feed Runs:      <0>
 Feed Value:     <0.0>
-------------------------------------------------------------------
 Type:           <Giraffe>
 Name:           <Giraffe-14>
 Idx:            <14>
 Status:         <HEALTHY>
 Current Health: <100.0>     (Threshold: <50.0>)
 Prev Health:    <0.0>
 Health Runs:    <0>
 Feed Runs:      <0>
 Feed Value:     <0.0>
-------------------------------------------------------------------
 Type:           <Elephant>
 Name:           <Elephant-15>
 Idx:            <15>
 Status:         <HEALTHY>
 Current Health: <100.0>     (Threshold: <70.0>)
 Prev Health:    <0.0>
 Health Runs:    <0>
 Feed Runs:      <0>
 Feed Value:     <0.0>
-------------------------------------------------------------------
*******************************************************************
***** Adjusting health of animal down... *****
*******************************************************************
animal::changeStatus(): No change to status: <HEALTHY> for <Monkey-1> (ret=1)
animal::changeStatus(): No change to status: <HEALTHY> for <Giraffe-2> (ret=1)
animal::changeStatus(): No change to status: <HEALTHY> for <Elephant-3> (ret=1)
animal::changeStatus(): No change to status: <HEALTHY> for <Monkey-4> (ret=1)
animal::changeStatus(): No change to status: <HEALTHY> for <Giraffe-5> (ret=1)
animal::changeStatus(): No change to status: <HEALTHY> for <Elephant-6> (ret=1)
animal::changeStatus(): No change to status: <HEALTHY> for <Monkey-7> (ret=1)
animal::changeStatus(): No change to status: <HEALTHY> for <Giraffe-8> (ret=1)
animal::changeStatus(): No change to status: <HEALTHY> for <Elephant-9> (ret=1)
animal::changeStatus(): No change to status: <HEALTHY> for <Monkey-10> (ret=1)
animal::changeStatus(): No change to status: <HEALTHY> for <Giraffe-11> (ret=1)
animal::changeStatus(): No change to status: <HEALTHY> for <Elephant-12> (ret=1)
animal::changeStatus(): No change to status: <HEALTHY> for <Monkey-13> (ret=1)
animal::changeStatus(): No change to status: <HEALTHY> for <Giraffe-14> (ret=1)
animal::changeStatus(): No change to status: <HEALTHY> for <Elephant-15> (ret=1)

*******************************************************************
***** Printing attributes of all instances... *****
*******************************************************************
 Type:           <Monkey>
 Name:           <Monkey-1>
 Idx:            <1>
 Status:         <HEALTHY>
 Current Health: <88.0>     (Threshold: <30.0>)
 Prev Health:    <100.0>
 Health Runs:    <1>
 Feed Runs:      <0>
 Feed Value:     <0.0>
-------------------------------------------------------------------
 Type:           <Giraffe>
 Name:           <Giraffe-2>
 Idx:            <2>
 Status:         <HEALTHY>
 Current Health: <87.0>     (Threshold: <50.0>)
 Prev Health:    <100.0>
 Health Runs:    <1>
 Feed Runs:      <0>
 Feed Value:     <0.0>
-------------------------------------------------------------------
 Type:           <Elephant>
 Name:           <Elephant-3>
 Idx:            <3>
 Status:         <HEALTHY>
 Current Health: <86.0>     (Threshold: <70.0>)
 Prev Health:    <100.0>
 Health Runs:    <1>
 Feed Runs:      <0>
 Feed Value:     <0.0>
-------------------------------------------------------------------
 Type:           <Monkey>
 Name:           <Monkey-4>
 Idx:            <4>
 Status:         <HEALTHY>
 Current Health: <93.0>     (Threshold: <30.0>)
 Prev Health:    <100.0>
 Health Runs:    <1>
 Feed Runs:      <0>
 Feed Value:     <0.0>
-------------------------------------------------------------------
 Type:           <Giraffe>
 Name:           <Giraffe-5>
 Idx:            <5>
 Status:         <HEALTHY>
 Current Health: <92.0>     (Threshold: <50.0>)
 Prev Health:    <100.0>
 Health Runs:    <1>
 Feed Runs:      <0>
 Feed Value:     <0.0>
-------------------------------------------------------------------
 Type:           <Elephant>
 Name:           <Elephant-6>
 Idx:            <6>
 Status:         <HEALTHY>
 Current Health: <95.0>     (Threshold: <70.0>)
 Prev Health:    <100.0>
 Health Runs:    <1>
 Feed Runs:      <0>
 Feed Value:     <0.0>
-------------------------------------------------------------------
 Type:           <Monkey>
 Name:           <Monkey-7>
 Idx:            <7>
 Status:         <HEALTHY>
 Current Health: <90.0>     (Threshold: <30.0>)
 Prev Health:    <100.0>
 Health Runs:    <1>
 Feed Runs:      <0>
 Feed Value:     <0.0>
-------------------------------------------------------------------
 Type:           <Giraffe>
 Name:           <Giraffe-8>
 Idx:            <8>
 Status:         <HEALTHY>
 Current Health: <100.0>     (Threshold: <50.0>)
 Prev Health:    <100.0>
 Health Runs:    <1>
 Feed Runs:      <0>
 Feed Value:     <0.0>
-------------------------------------------------------------------
 Type:           <Elephant>
 Name:           <Elephant-9>
 Idx:            <9>
 Status:         <HEALTHY>
 Current Health: <92.0>     (Threshold: <70.0>)
 Prev Health:    <100.0>
 Health Runs:    <1>
 Feed Runs:      <0>
 Feed Value:     <0.0>
-------------------------------------------------------------------
 Type:           <Monkey>
 Name:           <Monkey-10>
 Idx:            <10>
 Status:         <HEALTHY>
 Current Health: <91.0>     (Threshold: <30.0>)
 Prev Health:    <100.0>
 Health Runs:    <1>
 Feed Runs:      <0>
 Feed Value:     <0.0>
-------------------------------------------------------------------
 Type:           <Giraffe>
 Name:           <Giraffe-11>
 Idx:            <11>
 Status:         <HEALTHY>
 Current Health: <81.0>     (Threshold: <50.0>)
 Prev Health:    <100.0>
 Health Runs:    <1>
 Feed Runs:      <0>
 Feed Value:     <0.0>
-------------------------------------------------------------------
 Type:           <Elephant>
 Name:           <Elephant-12>
 Idx:            <12>
 Status:         <HEALTHY>
 Current Health: <92.0>     (Threshold: <70.0>)
 Prev Health:    <100.0>
 Health Runs:    <1>
 Feed Runs:      <0>
 Feed Value:     <0.0>
-------------------------------------------------------------------
 Type:           <Monkey>
 Name:           <Monkey-13>
 Idx:            <13>
 Status:         <HEALTHY>
 Current Health: <83.0>     (Threshold: <30.0>)
 Prev Health:    <100.0>
 Health Runs:    <1>
 Feed Runs:      <0>
 Feed Value:     <0.0>
-------------------------------------------------------------------
 Type:           <Giraffe>
 Name:           <Giraffe-14>
 Idx:            <14>
 Status:         <HEALTHY>
 Current Health: <96.0>     (Threshold: <50.0>)
 Prev Health:    <100.0>
 Health Runs:    <1>
 Feed Runs:      <0>
 Feed Value:     <0.0>
-------------------------------------------------------------------
 Type:           <Elephant>
 Name:           <Elephant-15>
 Idx:            <15>
 Status:         <HEALTHY>
 Current Health: <92.0>     (Threshold: <70.0>)
 Prev Health:    <100.0>
 Health Runs:    <1>
 Feed Runs:      <0>
 Feed Value:     <0.0>
-------------------------------------------------------------------
*******************************************************************
***** Feeding all animals... *****
*******************************************************************
****************** printRandomFeedValue() ******************
Monkey   = <17>
Giraffe  = <17>
Elephant = <21>
************************************************************

*******************************************************************
***** Printing attributes of all instances... *****
*******************************************************************
 Type:           <Monkey>
 Name:           <Monkey-1>
 Idx:            <1>
 Status:         <HEALTHY>
 Current Health: <100.0>     (Threshold: <30.0>)
 Prev Health:    <88.0>
 Health Runs:    <1>
 Feed Runs:      <1>
 Feed Value:     <17.0>
-------------------------------------------------------------------
 Type:           <Giraffe>
 Name:           <Giraffe-2>
 Idx:            <2>
 Status:         <HEALTHY>
 Current Health: <100.0>     (Threshold: <50.0>)
 Prev Health:    <87.0>
 Health Runs:    <1>
 Feed Runs:      <1>
 Feed Value:     <17.0>
-------------------------------------------------------------------
 Type:           <Elephant>
 Name:           <Elephant-3>
 Idx:            <3>
 Status:         <HEALTHY>
 Current Health: <100.0>     (Threshold: <70.0>)
 Prev Health:    <86.0>
 Health Runs:    <1>
 Feed Runs:      <1>
 Feed Value:     <21.0>
-------------------------------------------------------------------
 Type:           <Monkey>
 Name:           <Monkey-4>
 Idx:            <4>
 Status:         <HEALTHY>
 Current Health: <100.0>     (Threshold: <30.0>)
 Prev Health:    <93.0>
 Health Runs:    <1>
 Feed Runs:      <1>
 Feed Value:     <17.0>
-------------------------------------------------------------------
 Type:           <Giraffe>
 Name:           <Giraffe-5>
 Idx:            <5>
 Status:         <HEALTHY>
 Current Health: <100.0>     (Threshold: <50.0>)
 Prev Health:    <92.0>
 Health Runs:    <1>
 Feed Runs:      <1>
 Feed Value:     <17.0>
-------------------------------------------------------------------
 Type:           <Elephant>
 Name:           <Elephant-6>
 Idx:            <6>
 Status:         <HEALTHY>
 Current Health: <100.0>     (Threshold: <70.0>)
 Prev Health:    <95.0>
 Health Runs:    <1>
 Feed Runs:      <1>
 Feed Value:     <21.0>
-------------------------------------------------------------------
 Type:           <Monkey>
 Name:           <Monkey-7>
 Idx:            <7>
 Status:         <HEALTHY>
 Current Health: <100.0>     (Threshold: <30.0>)
 Prev Health:    <90.0>
 Health Runs:    <1>
 Feed Runs:      <1>
 Feed Value:     <17.0>
-------------------------------------------------------------------
 Type:           <Giraffe>
 Name:           <Giraffe-8>
 Idx:            <8>
 Status:         <HEALTHY>
 Current Health: <100.0>     (Threshold: <50.0>)
 Prev Health:    <100.0>
 Health Runs:    <1>
 Feed Runs:      <1>
 Feed Value:     <17.0>
-------------------------------------------------------------------
 Type:           <Elephant>
 Name:           <Elephant-9>
 Idx:            <9>
 Status:         <HEALTHY>
 Current Health: <100.0>     (Threshold: <70.0>)
 Prev Health:    <92.0>
 Health Runs:    <1>
 Feed Runs:      <1>
 Feed Value:     <21.0>
-------------------------------------------------------------------
 Type:           <Monkey>
 Name:           <Monkey-10>
 Idx:            <10>
 Status:         <HEALTHY>
 Current Health: <100.0>     (Threshold: <30.0>)
 Prev Health:    <91.0>
 Health Runs:    <1>
 Feed Runs:      <1>
 Feed Value:     <17.0>
-------------------------------------------------------------------
 Type:           <Giraffe>
 Name:           <Giraffe-11>
 Idx:            <11>
 Status:         <HEALTHY>
 Current Health: <94.770004>     (Threshold: <50.0>)
 Prev Health:    <81.0>
 Health Runs:    <1>
 Feed Runs:      <1>
 Feed Value:     <17.0>
-------------------------------------------------------------------
 Type:           <Elephant>
 Name:           <Elephant-12>
 Idx:            <12>
 Status:         <HEALTHY>
 Current Health: <100.0>     (Threshold: <70.0>)
 Prev Health:    <92.0>
 Health Runs:    <1>
 Feed Runs:      <1>
 Feed Value:     <21.0>
-------------------------------------------------------------------
 Type:           <Monkey>
 Name:           <Monkey-13>
 Idx:            <13>
 Status:         <HEALTHY>
 Current Health: <97.11>     (Threshold: <30.0>)
 Prev Health:    <83.0>
 Health Runs:    <1>
 Feed Runs:      <1>
 Feed Value:     <17.0>
-------------------------------------------------------------------
 Type:           <Giraffe>
 Name:           <Giraffe-14>
 Idx:            <14>
 Status:         <HEALTHY>
 Current Health: <100.0>     (Threshold: <50.0>)
 Prev Health:    <96.0>
 Health Runs:    <1>
 Feed Runs:      <1>
 Feed Value:     <17.0>
-------------------------------------------------------------------
 Type:           <Elephant>
 Name:           <Elephant-15>
 Idx:            <15>
 Status:         <HEALTHY>
 Current Health: <100.0>     (Threshold: <70.0>)
 Prev Health:    <92.0>
 Health Runs:    <1>
 Feed Runs:      <1>
 Feed Value:     <21.0>
-------------------------------------------------------------------
*******************************************************************
***** Adjusting health of animal down... *****
*******************************************************************
animal::changeStatus(): No change to status: <HEALTHY> for <Monkey-1> (ret=1)
animal::changeStatus(): No change to status: <HEALTHY> for <Giraffe-2> (ret=1)
animal::changeStatus(): No change to status: <HEALTHY> for <Elephant-3> (ret=1)
animal::changeStatus(): No change to status: <HEALTHY> for <Monkey-4> (ret=1)
animal::changeStatus(): No change to status: <HEALTHY> for <Giraffe-5> (ret=1)
animal::changeStatus(): No change to status: <HEALTHY> for <Elephant-6> (ret=1)
animal::changeStatus(): No change to status: <HEALTHY> for <Monkey-7> (ret=1)
animal::changeStatus(): No change to status: <HEALTHY> for <Giraffe-8> (ret=1)
animal::changeStatus(): No change to status: <HEALTHY> for <Elephant-9> (ret=1)
animal::changeStatus(): No change to status: <HEALTHY> for <Monkey-10> (ret=1)
animal::changeStatus(): No change to status: <HEALTHY> for <Giraffe-11> (ret=1)
animal::changeStatus(): No change to status: <HEALTHY> for <Elephant-12> (ret=1)
animal::changeStatus(): No change to status: <HEALTHY> for <Monkey-13> (ret=1)
animal::changeStatus(): No change to status: <HEALTHY> for <Giraffe-14> (ret=1)
animal::changeStatus(): No change to status: <HEALTHY> for <Elephant-15> (ret=1)

*******************************************************************
***** Printing attributes of all instances... *****
*******************************************************************
 Type:           <Monkey>
 Name:           <Monkey-1>
 Idx:            <1>
 Status:         <HEALTHY>
 Current Health: <95.0>     (Threshold: <30.0>)
 Prev Health:    <100.0>
 Health Runs:    <3>
 Feed Runs:      <1>
 Feed Value:     <17.0>
-------------------------------------------------------------------
 Type:           <Giraffe>
 Name:           <Giraffe-2>
 Idx:            <2>
 Status:         <HEALTHY>
 Current Health: <91.0>     (Threshold: <50.0>)
 Prev Health:    <100.0>
 Health Runs:    <3>
 Feed Runs:      <1>
 Feed Value:     <17.0>
-------------------------------------------------------------------
 Type:           <Elephant>
 Name:           <Elephant-3>
 Idx:            <3>
 Status:         <HEALTHY>
 Current Health: <89.0>     (Threshold: <70.0>)
 Prev Health:    <100.0>
 Health Runs:    <3>
 Feed Runs:      <1>
 Feed Value:     <21.0>
-------------------------------------------------------------------
 Type:           <Monkey>
 Name:           <Monkey-4>
 Idx:            <4>
 Status:         <HEALTHY>
 Current Health: <92.0>     (Threshold: <30.0>)
 Prev Health:    <100.0>
 Health Runs:    <3>
 Feed Runs:      <1>
 Feed Value:     <17.0>
-------------------------------------------------------------------
 Type:           <Giraffe>
 Name:           <Giraffe-5>
 Idx:            <5>
 Status:         <HEALTHY>
 Current Health: <90.0>     (Threshold: <50.0>)
 Prev Health:    <100.0>
 Health Runs:    <3>
 Feed Runs:      <1>
 Feed Value:     <17.0>
-------------------------------------------------------------------
 Type:           <Elephant>
 Name:           <Elephant-6>
 Idx:            <6>
 Status:         <HEALTHY>
 Current Health: <89.0>     (Threshold: <70.0>)
 Prev Health:    <100.0>
 Health Runs:    <3>
 Feed Runs:      <1>
 Feed Value:     <21.0>
-------------------------------------------------------------------
 Type:           <Monkey>
 Name:           <Monkey-7>
 Idx:            <7>
 Status:         <HEALTHY>
 Current Health: <100.0>     (Threshold: <30.0>)
 Prev Health:    <100.0>
 Health Runs:    <3>
 Feed Runs:      <1>
 Feed Value:     <17.0>
-------------------------------------------------------------------
 Type:           <Giraffe>
 Name:           <Giraffe-8>
 Idx:            <8>
 Status:         <HEALTHY>
 Current Health: <91.0>     (Threshold: <50.0>)
 Prev Health:    <100.0>
 Health Runs:    <3>
 Feed Runs:      <1>
 Feed Value:     <17.0>
-------------------------------------------------------------------
 Type:           <Elephant>
 Name:           <Elephant-9>
 Idx:            <9>
 Status:         <HEALTHY>
 Current Health: <84.0>     (Threshold: <70.0>)
 Prev Health:    <100.0>
 Health Runs:    <3>
 Feed Runs:      <1>
 Feed Value:     <21.0>
-------------------------------------------------------------------
 Type:           <Monkey>
 Name:           <Monkey-10>
 Idx:            <10>
 Status:         <HEALTHY>
 Current Health: <98.0>     (Threshold: <30.0>)
 Prev Health:    <100.0>
 Health Runs:    <3>
 Feed Runs:      <1>
 Feed Value:     <17.0>
-------------------------------------------------------------------
 Type:           <Giraffe>
 Name:           <Giraffe-11>
 Idx:            <11>
 Status:         <HEALTHY>
 Current Health: <79.606804>     (Threshold: <50.0>)
 Prev Health:    <94.770004>
 Health Runs:    <3>
 Feed Runs:      <1>
 Feed Value:     <17.0>
-------------------------------------------------------------------
 Type:           <Elephant>
 Name:           <Elephant-12>
 Idx:            <12>
 Status:         <HEALTHY>
 Current Health: <99.0>     (Threshold: <70.0>)
 Prev Health:    <100.0>
 Health Runs:    <3>
 Feed Runs:      <1>
 Feed Value:     <21.0>
-------------------------------------------------------------------
 Type:           <Monkey>
 Name:           <Monkey-13>
 Idx:            <13>
 Status:         <HEALTHY>
 Current Health: <94.1967>     (Threshold: <30.0>)
 Prev Health:    <97.11>
 Health Runs:    <3>
 Feed Runs:      <1>
 Feed Value:     <17.0>
-------------------------------------------------------------------
 Type:           <Giraffe>
 Name:           <Giraffe-14>
 Idx:            <14>
 Status:         <HEALTHY>
 Current Health: <94.0>     (Threshold: <50.0>)
 Prev Health:    <100.0>
 Health Runs:    <3>
 Feed Runs:      <1>
 Feed Value:     <17.0>
-------------------------------------------------------------------
 Type:           <Elephant>
 Name:           <Elephant-15>
 Idx:            <15>
 Status:         <HEALTHY>
 Current Health: <89.0>     (Threshold: <70.0>)
 Prev Health:    <100.0>
 Health Runs:    <3>
 Feed Runs:      <1>
 Feed Value:     <21.0>
-------------------------------------------------------------------
*******************************************************************
***** Adjusting health of animal down... *****
*******************************************************************
animal::changeStatus(): No change to status: <HEALTHY> for <Monkey-1> (ret=1)
animal::changeStatus(): No change to status: <HEALTHY> for <Giraffe-2> (ret=1)
animal::changeStatus(): No change to status: <HEALTHY> for <Elephant-3> (ret=1)
animal::changeStatus(): No change to status: <HEALTHY> for <Monkey-4> (ret=1)
animal::changeStatus(): No change to status: <HEALTHY> for <Giraffe-5> (ret=1)
animal::changeStatus(): No change to status: <HEALTHY> for <Elephant-6> (ret=1)
animal::changeStatus(): No change to status: <HEALTHY> for <Monkey-7> (ret=1)
animal::changeStatus(): No change to status: <HEALTHY> for <Giraffe-8> (ret=1)
animal::changeStatus(): Status Changed from: HEALTHY -> LAME for <Elephant-9>
animal::changeStatus(): No change to status: <HEALTHY> for <Monkey-10> (ret=1)
animal::changeStatus(): No change to status: <HEALTHY> for <Giraffe-11> (ret=1)
animal::changeStatus(): No change to status: <HEALTHY> for <Elephant-12> (ret=1)
animal::changeStatus(): No change to status: <HEALTHY> for <Monkey-13> (ret=1)
animal::changeStatus(): No change to status: <HEALTHY> for <Giraffe-14> (ret=1)
animal::changeStatus(): No change to status: <HEALTHY> for <Elephant-15> (ret=1)
*******************************************************************
***** Adjusting health of animal down... *****
*******************************************************************
animal::changeStatus(): No change to status: <HEALTHY> for <Monkey-1> (ret=1)
animal::changeStatus(): No change to status: <HEALTHY> for <Giraffe-2> (ret=1)
animal::changeStatus(): Status Changed from: HEALTHY -> LAME for <Elephant-3>
animal::changeStatus(): No change to status: <HEALTHY> for <Monkey-4> (ret=1)
animal::changeStatus(): No change to status: <HEALTHY> for <Giraffe-5> (ret=1)
animal::changeStatus(): No change to status: <HEALTHY> for <Elephant-6> (ret=1)
animal::changeStatus(): No change to status: <HEALTHY> for <Monkey-7> (ret=1)
animal::changeStatus(): No change to status: <HEALTHY> for <Giraffe-8> (ret=1)
animal::changeStatus(): Status Changed from: LAME -> DEAD for <Elephant-9>
animal::changeStatus(): No change to status: <HEALTHY> for <Monkey-10> (ret=1)
animal::changeStatus(): No change to status: <HEALTHY> for <Giraffe-11> (ret=1)
animal::changeStatus(): No change to status: <HEALTHY> for <Elephant-12> (ret=1)
animal::changeStatus(): No change to status: <HEALTHY> for <Monkey-13> (ret=1)
animal::changeStatus(): No change to status: <HEALTHY> for <Giraffe-14> (ret=1)
animal::changeStatus(): No change to status: <HEALTHY> for <Elephant-15> (ret=1)
*******************************************************************
***** Adjusting health of animal down... *****
*******************************************************************
animal::changeStatus(): No change to status: <HEALTHY> for <Monkey-1> (ret=1)
animal::changeStatus(): No change to status: <HEALTHY> for <Giraffe-2> (ret=1)
animal::changeStatus(): Status Changed from: LAME -> DEAD for <Elephant-3>
animal::changeStatus(): No change to status: <HEALTHY> for <Monkey-4> (ret=1)
animal::changeStatus(): No change to status: <HEALTHY> for <Giraffe-5> (ret=1)
animal::changeStatus(): No change to status: <HEALTHY> for <Elephant-6> (ret=1)
animal::changeStatus(): No change to status: <HEALTHY> for <Monkey-7> (ret=1)
animal::changeStatus(): No change to status: <HEALTHY> for <Giraffe-8> (ret=1)
animal::changeStatus(): No change to status: <HEALTHY> for <Monkey-10> (ret=1)
animal::changeStatus(): No change to status: <HEALTHY> for <Giraffe-11> (ret=1)
animal::changeStatus(): No change to status: <HEALTHY> for <Elephant-12> (ret=1)
animal::changeStatus(): No change to status: <HEALTHY> for <Monkey-13> (ret=1)
animal::changeStatus(): No change to status: <HEALTHY> for <Giraffe-14> (ret=1)
animal::changeStatus(): No change to status: <HEALTHY> for <Elephant-15> (ret=1)
*******************************************************************
***** Adjusting health of animal down... *****
*******************************************************************
animal::changeStatus(): No change to status: <HEALTHY> for <Monkey-1> (ret=1)
animal::changeStatus(): No change to status: <HEALTHY> for <Giraffe-2> (ret=1)
animal::changeStatus(): No change to status: <HEALTHY> for <Monkey-4> (ret=1)
animal::changeStatus(): No change to status: <HEALTHY> for <Giraffe-5> (ret=1)
animal::changeStatus(): Status Changed from: HEALTHY -> LAME for <Elephant-6>
animal::changeStatus(): No change to status: <HEALTHY> for <Monkey-7> (ret=1)
animal::changeStatus(): No change to status: <HEALTHY> for <Giraffe-8> (ret=1)
animal::changeStatus(): No change to status: <HEALTHY> for <Monkey-10> (ret=1)
animal::changeStatus(): Status Changed from: HEALTHY -> DEAD for <Giraffe-11>
animal::changeStatus(): Status Changed from: HEALTHY -> LAME for <Elephant-12>
animal::changeStatus(): No change to status: <HEALTHY> for <Monkey-13> (ret=1)
animal::changeStatus(): No change to status: <HEALTHY> for <Giraffe-14> (ret=1)
animal::changeStatus(): Status Changed from: HEALTHY -> LAME for <Elephant-15>
*******************************************************************
***** Adjusting health of animal down... *****
*******************************************************************
animal::changeStatus(): No change to status: <HEALTHY> for <Monkey-1> (ret=1)
animal::changeStatus(): No change to status: <HEALTHY> for <Giraffe-2> (ret=1)
animal::changeStatus(): No change to status: <HEALTHY> for <Monkey-4> (ret=1)
animal::changeStatus(): Status Changed from: HEALTHY -> DEAD for <Giraffe-5>
animal::changeStatus(): Status Changed from: LAME -> DEAD for <Elephant-6>
animal::changeStatus(): No change to status: <HEALTHY> for <Monkey-7> (ret=1)
animal::changeStatus(): Status Changed from: HEALTHY -> DEAD for <Giraffe-8>
animal::changeStatus(): No change to status: <HEALTHY> for <Monkey-10> (ret=1)
animal::changeStatus(): Status Changed from: LAME -> DEAD for <Elephant-12>
animal::changeStatus(): No change to status: <HEALTHY> for <Monkey-13> (ret=1)
animal::changeStatus(): No change to status: <HEALTHY> for <Giraffe-14> (ret=1)
animal::changeStatus(): Status Changed from: LAME -> DEAD for <Elephant-15>
*******************************************************************
***** Adjusting health of animal down... *****
*******************************************************************
animal::changeStatus(): No change to status: <HEALTHY> for <Monkey-1> (ret=1)
animal::changeStatus(): No change to status: <HEALTHY> for <Giraffe-2> (ret=1)
animal::changeStatus(): No change to status: <HEALTHY> for <Monkey-4> (ret=1)
animal::changeStatus(): No change to status: <HEALTHY> for <Monkey-7> (ret=1)
animal::changeStatus(): No change to status: <HEALTHY> for <Monkey-10> (ret=1)
animal::changeStatus(): No change to status: <HEALTHY> for <Monkey-13> (ret=1)
animal::changeStatus(): No change to status: <HEALTHY> for <Giraffe-14> (ret=1)

*******************************************************************
***** Printing attributes of all instances... *****
*******************************************************************
 Type:           <Monkey>
 Name:           <Monkey-1>
 Idx:            <1>
 Status:         <HEALTHY>
 Current Health: <55.846764>     (Threshold: <30.0>)
 Prev Health:    <64.19168>
 Health Runs:    <9>
 Feed Runs:      <1>
 Feed Value:     <17.0>
-------------------------------------------------------------------
 Type:           <Giraffe>
 Name:           <Giraffe-2>
 Idx:            <2>
 Status:         <HEALTHY>
 Current Health: <50.3868>     (Threshold: <50.0>)
 Prev Health:    <57.91586>
 Health Runs:    <9>
 Feed Runs:      <1>
 Feed Value:     <17.0>
-------------------------------------------------------------------
 Type:           <Elephant>
 Name:           <Elephant-3>
 Idx:            <3>
 Status:         <DEAD>
 Current Health: <57.031197>     (Threshold: <70.0>)
 Prev Health:    <64.079994>
 Health Runs:    <6>
 Feed Runs:      <1>
 Feed Value:     <21.0>
-------------------------------------------------------------------
 Type:           <Monkey>
 Name:           <Monkey-4>
 Idx:            <4>
 Status:         <HEALTHY>
 Current Health: <44.767555>     (Threshold: <30.0>)
 Prev Health:    <51.45696>
 Health Runs:    <9>
 Feed Runs:      <1>
 Feed Value:     <17.0>
-------------------------------------------------------------------
 Type:           <Giraffe>
 Name:           <Giraffe-5>
 Idx:            <5>
 Status:         <DEAD>
 Current Health: <48.078453>     (Threshold: <50.0>)
 Prev Health:    <55.26259>
 Health Runs:    <8>
 Feed Runs:      <1>
 Feed Value:     <17.0>
-------------------------------------------------------------------
 Type:           <Elephant>
 Name:           <Elephant-6>
 Idx:            <6>
 Status:         <DEAD>
 Current Health: <57.935028>     (Threshold: <70.0>)
 Prev Health:    <65.83526>
 Health Runs:    <8>
 Feed Runs:      <1>
 Feed Value:     <21.0>
-------------------------------------------------------------------
 Type:           <Monkey>
 Name:           <Monkey-7>
 Idx:            <7>
 Status:         <HEALTHY>
 Current Health: <50.43465>     (Threshold: <30.0>)
 Prev Health:    <51.994484>
 Health Runs:    <9>
 Feed Runs:      <1>
 Feed Value:     <17.0>
-------------------------------------------------------------------
 Type:           <Giraffe>
 Name:           <Giraffe-8>
 Idx:            <8>
 Status:         <DEAD>
 Current Health: <47.02344>     (Threshold: <50.0>)
 Prev Health:    <58.7793>
 Health Runs:    <8>
 Feed Runs:      <1>
 Feed Value:     <17.0>
-------------------------------------------------------------------
 Type:           <Elephant>
 Name:           <Elephant-9>
 Idx:            <9>
 Status:         <DEAD>
 Current Health: <67.359604>     (Threshold: <70.0>)
 Prev Health:    <68.04>
 Health Runs:    <5>
 Feed Runs:      <1>
 Feed Value:     <21.0>
-------------------------------------------------------------------
 Type:           <Monkey>
 Name:           <Monkey-10>
 Idx:            <10>
 Status:         <HEALTHY>
 Current Health: <55.312866>     (Threshold: <30.0>)
 Prev Health:    <65.07396>
 Health Runs:    <9>
 Feed Runs:      <1>
 Feed Value:     <17.0>
-------------------------------------------------------------------
 Type:           <Giraffe>
 Name:           <Giraffe-11>
 Idx:            <11>
 Status:         <DEAD>
 Current Health: <44.012756>     (Threshold: <50.0>)
 Prev Health:    <51.177624>
 Health Runs:    <7>
 Feed Runs:      <1>
 Feed Value:     <17.0>
-------------------------------------------------------------------
 Type:           <Elephant>
 Name:           <Elephant-12>
 Idx:            <12>
 Status:         <DEAD>
 Current Health: <67.532906>     (Threshold: <70.0>)
 Prev Health:    <69.62155>
 Health Runs:    <8>
 Feed Runs:      <1>
 Feed Value:     <21.0>
-------------------------------------------------------------------
 Type:           <Monkey>
 Name:           <Monkey-13>
 Idx:            <13>
 Status:         <HEALTHY>
 Current Health: <46.949623>     (Threshold: <30.0>)
 Prev Health:    <48.401672>
 Health Runs:    <9>
 Feed Runs:      <1>
 Feed Value:     <17.0>
-------------------------------------------------------------------
 Type:           <Giraffe>
 Name:           <Giraffe-14>
 Idx:            <14>
 Status:         <HEALTHY>
 Current Health: <65.77987>     (Threshold: <50.0>)
 Prev Health:    <66.44431>
 Health Runs:    <9>
 Feed Runs:      <1>
 Feed Value:     <17.0>
-------------------------------------------------------------------
 Type:           <Elephant>
 Name:           <Elephant-15>
 Idx:            <15>
 Status:         <DEAD>
 Current Health: <62.815117>     (Threshold: <70.0>)
 Prev Health:    <66.12118>
 Health Runs:    <8>
 Feed Runs:      <1>
 Feed Value:     <21.0>
-------------------------------------------------------------------
*******************************************************************
***** Adjusting health of animal down... *****
*******************************************************************
animal::changeStatus(): No change to status: <HEALTHY> for <Monkey-1> (ret=1)
animal::changeStatus(): Status Changed from: HEALTHY -> DEAD for <Giraffe-2>
animal::changeStatus(): No change to status: <HEALTHY> for <Monkey-4> (ret=1)
animal::changeStatus(): No change to status: <HEALTHY> for <Monkey-7> (ret=1)
animal::changeStatus(): No change to status: <HEALTHY> for <Monkey-10> (ret=1)
animal::changeStatus(): No change to status: <HEALTHY> for <Monkey-13> (ret=1)
animal::changeStatus(): No change to status: <HEALTHY> for <Giraffe-14> (ret=1)
*******************************************************************
***** Adjusting health of animal down... *****
*******************************************************************
animal::changeStatus(): No change to status: <HEALTHY> for <Monkey-1> (ret=1)
animal::changeStatus(): No change to status: <HEALTHY> for <Monkey-4> (ret=1)
animal::changeStatus(): No change to status: <HEALTHY> for <Monkey-7> (ret=1)
animal::changeStatus(): No change to status: <HEALTHY> for <Monkey-10> (ret=1)
animal::changeStatus(): No change to status: <HEALTHY> for <Monkey-13> (ret=1)
animal::changeStatus(): No change to status: <HEALTHY> for <Giraffe-14> (ret=1)
*******************************************************************
***** Adjusting health of animal down... *****
*******************************************************************
animal::changeStatus(): No change to status: <HEALTHY> for <Monkey-1> (ret=1)
animal::changeStatus(): No change to status: <HEALTHY> for <Monkey-4> (ret=1)
animal::changeStatus(): No change to status: <HEALTHY> for <Monkey-7> (ret=1)
animal::changeStatus(): No change to status: <HEALTHY> for <Monkey-10> (ret=1)
animal::changeStatus(): No change to status: <HEALTHY> for <Monkey-13> (ret=1)
animal::changeStatus(): Status Changed from: HEALTHY -> DEAD for <Giraffe-14>
*******************************************************************
***** Adjusting health of animal down... *****
*******************************************************************
animal::changeStatus(): No change to status: <HEALTHY> for <Monkey-1> (ret=1)
animal::changeStatus(): No change to status: <HEALTHY> for <Monkey-4> (ret=1)
animal::changeStatus(): No change to status: <HEALTHY> for <Monkey-7> (ret=1)
animal::changeStatus(): No change to status: <HEALTHY> for <Monkey-10> (ret=1)
animal::changeStatus(): Status Changed from: HEALTHY -> DEAD for <Monkey-13>

*******************************************************************
***** Printing attributes of all instances... *****
*******************************************************************
 Type:           <Monkey>
 Name:           <Monkey-1>
 Idx:            <1>
 Status:         <HEALTHY>
 Current Health: <36.582275>     (Threshold: <30.0>)
 Prev Health:    <39.763344>
 Health Runs:    <13>
 Feed Runs:      <1>
 Feed Value:     <17.0>
-------------------------------------------------------------------
 Type:           <Giraffe>
 Name:           <Giraffe-2>
 Idx:            <2>
 Status:         <DEAD>
 Current Health: <45.348118>     (Threshold: <50.0>)
 Prev Health:    <50.3868>
 Health Runs:    <10>
 Feed Runs:      <1>
 Feed Value:     <17.0>
-------------------------------------------------------------------
 Type:           <Elephant>
 Name:           <Elephant-3>
 Idx:            <3>
 Status:         <DEAD>
 Current Health: <57.031197>     (Threshold: <70.0>)
 Prev Health:    <64.079994>
 Health Runs:    <6>
 Feed Runs:      <1>
 Feed Value:     <21.0>
-------------------------------------------------------------------
 Type:           <Monkey>
 Name:           <Monkey-4>
 Idx:            <4>
 Status:         <HEALTHY>
 Current Health: <36.019432>     (Threshold: <30.0>)
 Prev Health:    <37.133434>
 Health Runs:    <13>
 Feed Runs:      <1>
 Feed Value:     <17.0>
-------------------------------------------------------------------
 Type:           <Giraffe>
 Name:           <Giraffe-5>
 Idx:            <5>
 Status:         <DEAD>
 Current Health: <48.078453>     (Threshold: <50.0>)
 Prev Health:    <55.26259>
 Health Runs:    <8>
 Feed Runs:      <1>
 Feed Value:     <17.0>
-------------------------------------------------------------------
 Type:           <Elephant>
 Name:           <Elephant-6>
 Idx:            <6>
 Status:         <DEAD>
 Current Health: <57.935028>     (Threshold: <70.0>)
 Prev Health:    <65.83526>
 Health Runs:    <8>
 Feed Runs:      <1>
 Feed Value:     <21.0>
-------------------------------------------------------------------
 Type:           <Monkey>
 Name:           <Monkey-7>
 Idx:            <7>
 Status:         <HEALTHY>
 Current Health: <36.35071>     (Threshold: <30.0>)
 Prev Health:    <42.26827>
 Health Runs:    <13>
 Feed Runs:      <1>
 Feed Value:     <17.0>
-------------------------------------------------------------------
 Type:           <Giraffe>
 Name:           <Giraffe-8>
 Idx:            <8>
 Status:         <DEAD>
 Current Health: <47.02344>     (Threshold: <50.0>)
 Prev Health:    <58.7793>
 Health Runs:    <8>
 Feed Runs:      <1>
 Feed Value:     <17.0>
-------------------------------------------------------------------
 Type:           <Elephant>
 Name:           <Elephant-9>
 Idx:            <9>
 Status:         <DEAD>
 Current Health: <67.359604>     (Threshold: <70.0>)
 Prev Health:    <68.04>
 Health Runs:    <5>
 Feed Runs:      <1>
 Feed Value:     <21.0>
-------------------------------------------------------------------
 Type:           <Monkey>
 Name:           <Monkey-10>
 Idx:            <10>
 Status:         <HEALTHY>
 Current Health: <44.01106>     (Threshold: <30.0>)
 Prev Health:    <44.455616>
 Health Runs:    <13>
 Feed Runs:      <1>
 Feed Value:     <17.0>
-------------------------------------------------------------------
 Type:           <Giraffe>
 Name:           <Giraffe-11>
 Idx:            <11>
 Status:         <DEAD>
 Current Health: <44.012756>     (Threshold: <50.0>)
 Prev Health:    <51.177624>
 Health Runs:    <7>
 Feed Runs:      <1>
 Feed Value:     <17.0>
-------------------------------------------------------------------
 Type:           <Elephant>
 Name:           <Elephant-12>
 Idx:            <12>
 Status:         <DEAD>
 Current Health: <67.532906>     (Threshold: <70.0>)
 Prev Health:    <69.62155>
 Health Runs:    <8>
 Feed Runs:      <1>
 Feed Value:     <21.0>
-------------------------------------------------------------------
 Type:           <Monkey>
 Name:           <Monkey-13>
 Idx:            <13>
 Status:         <DEAD>
 Current Health: <27.170803>     (Threshold: <30.0>)
 Prev Health:    <30.528992>
 Health Runs:    <13>
 Feed Runs:      <1>
 Feed Value:     <17.0>
-------------------------------------------------------------------
 Type:           <Giraffe>
 Name:           <Giraffe-14>
 Idx:            <14>
 Status:         <DEAD>
 Current Health: <45.088154>     (Threshold: <50.0>)
 Prev Health:    <53.044888>
 Health Runs:    <12>
 Feed Runs:      <1>
 Feed Value:     <17.0>
-------------------------------------------------------------------
 Type:           <Elephant>
 Name:           <Elephant-15>
 Idx:            <15>
 Status:         <DEAD>
 Current Health: <62.815117>     (Threshold: <70.0>)
 Prev Health:    <66.12118>
 Health Runs:    <8>
 Feed Runs:      <1>
 Feed Value:     <21.0>
-------------------------------------------------------------------
*******************************************************************
***** Feeding all animals... *****
*******************************************************************
****************** printRandomFeedValue() ******************
Monkey   = <25>
Giraffe  = <22>
Elephant = <12>
************************************************************

*******************************************************************
***** Printing attributes of all instances... *****
*******************************************************************
 Type:           <Monkey>
 Name:           <Monkey-1>
 Idx:            <1>
 Status:         <HEALTHY>
 Current Health: <44.630375>     (Threshold: <30.0>)
 Prev Health:    <36.582275>
 Health Runs:    <13>
 Feed Runs:      <2>
 Feed Value:     <25.0>
-------------------------------------------------------------------
 Type:           <Giraffe>
 Name:           <Giraffe-2>
 Idx:            <2>
 Status:         <DEAD>
 Current Health: <45.348118>     (Threshold: <50.0>)
 Prev Health:    <50.3868>
 Health Runs:    <10>
 Feed Runs:      <1>
 Feed Value:     <17.0>
-------------------------------------------------------------------
 Type:           <Elephant>
 Name:           <Elephant-3>
 Idx:            <3>
 Status:         <DEAD>
 Current Health: <57.031197>     (Threshold: <70.0>)
 Prev Health:    <64.079994>
 Health Runs:    <6>
 Feed Runs:      <1>
 Feed Value:     <21.0>
-------------------------------------------------------------------
 Type:           <Monkey>
 Name:           <Monkey-4>
 Idx:            <4>
 Status:         <HEALTHY>
 Current Health: <43.943707>     (Threshold: <30.0>)
 Prev Health:    <36.019432>
 Health Runs:    <13>
 Feed Runs:      <2>
 Feed Value:     <25.0>
-------------------------------------------------------------------
 Type:           <Giraffe>
 Name:           <Giraffe-5>
 Idx:            <5>
 Status:         <DEAD>
 Current Health: <48.078453>     (Threshold: <50.0>)
 Prev Health:    <55.26259>
 Health Runs:    <8>
 Feed Runs:      <1>
 Feed Value:     <17.0>
-------------------------------------------------------------------
 Type:           <Elephant>
 Name:           <Elephant-6>
 Idx:            <6>
 Status:         <DEAD>
 Current Health: <57.935028>     (Threshold: <70.0>)
 Prev Health:    <65.83526>
 Health Runs:    <8>
 Feed Runs:      <1>
 Feed Value:     <21.0>
-------------------------------------------------------------------
 Type:           <Monkey>
 Name:           <Monkey-7>
 Idx:            <7>
 Status:         <HEALTHY>
 Current Health: <44.34787>     (Threshold: <30.0>)
 Prev Health:    <36.35071>
 Health Runs:    <13>
 Feed Runs:      <2>
 Feed Value:     <25.0>
-------------------------------------------------------------------
 Type:           <Giraffe>
 Name:           <Giraffe-8>
 Idx:            <8>
 Status:         <DEAD>
 Current Health: <47.02344>     (Threshold: <50.0>)
 Prev Health:    <58.7793>
 Health Runs:    <8>
 Feed Runs:      <1>
 Feed Value:     <17.0>
-------------------------------------------------------------------
 Type:           <Elephant>
 Name:           <Elephant-9>
 Idx:            <9>
 Status:         <DEAD>
 Current Health: <67.359604>     (Threshold: <70.0>)
 Prev Health:    <68.04>
 Health Runs:    <5>
 Feed Runs:      <1>
 Feed Value:     <21.0>
-------------------------------------------------------------------
 Type:           <Monkey>
 Name:           <Monkey-10>
 Idx:            <10>
 Status:         <HEALTHY>
 Current Health: <53.693493>     (Threshold: <30.0>)
 Prev Health:    <44.01106>
 Health Runs:    <13>
 Feed Runs:      <2>
 Feed Value:     <25.0>
-------------------------------------------------------------------
 Type:           <Giraffe>
 Name:           <Giraffe-11>
 Idx:            <11>
 Status:         <DEAD>
 Current Health: <44.012756>     (Threshold: <50.0>)
 Prev Health:    <51.177624>
 Health Runs:    <7>
 Feed Runs:      <1>
 Feed Value:     <17.0>
-------------------------------------------------------------------
 Type:           <Elephant>
 Name:           <Elephant-12>
 Idx:            <12>
 Status:         <DEAD>
 Current Health: <67.532906>     (Threshold: <70.0>)
 Prev Health:    <69.62155>
 Health Runs:    <8>
 Feed Runs:      <1>
 Feed Value:     <21.0>
-------------------------------------------------------------------
 Type:           <Monkey>
 Name:           <Monkey-13>
 Idx:            <13>
 Status:         <DEAD>
 Current Health: <27.170803>     (Threshold: <30.0>)
 Prev Health:    <30.528992>
 Health Runs:    <13>
 Feed Runs:      <1>
 Feed Value:     <17.0>
-------------------------------------------------------------------
 Type:           <Giraffe>
 Name:           <Giraffe-14>
 Idx:            <14>
 Status:         <DEAD>
 Current Health: <45.088154>     (Threshold: <50.0>)
 Prev Health:    <53.044888>
 Health Runs:    <12>
 Feed Runs:      <1>
 Feed Value:     <17.0>
-------------------------------------------------------------------
 Type:           <Elephant>
 Name:           <Elephant-15>
 Idx:            <15>
 Status:         <DEAD>
 Current Health: <62.815117>     (Threshold: <70.0>)
 Prev Health:    <66.12118>
 Health Runs:    <8>
 Feed Runs:      <1>
 Feed Value:     <21.0>
-------------------------------------------------------------------
*******************************************************************
***** Adjusting health of animal down... *****
*******************************************************************
animal::changeStatus(): No change to status: <HEALTHY> for <Monkey-1> (ret=1)
animal::changeStatus(): No change to status: <HEALTHY> for <Monkey-4> (ret=1)
animal::changeStatus(): No change to status: <HEALTHY> for <Monkey-7> (ret=1)
animal::changeStatus(): No change to status: <HEALTHY> for <Monkey-10> (ret=1)

*******************************************************************
***** Printing attributes of all instances... *****
*******************************************************************
 Type:           <Monkey>
 Name:           <Monkey-1>
 Idx:            <1>
 Status:         <HEALTHY>
 Current Health: <40.167336>     (Threshold: <30.0>)
 Prev Health:    <44.630375>
 Health Runs:    <15>
 Feed Runs:      <2>
 Feed Value:     <25.0>
-------------------------------------------------------------------
 Type:           <Giraffe>
 Name:           <Giraffe-2>
 Idx:            <2>
 Status:         <DEAD>
 Current Health: <45.348118>     (Threshold: <50.0>)
 Prev Health:    <50.3868>
 Health Runs:    <10>
 Feed Runs:      <1>
 Feed Value:     <17.0>
-------------------------------------------------------------------
 Type:           <Elephant>
 Name:           <Elephant-3>
 Idx:            <3>
 Status:         <DEAD>
 Current Health: <57.031197>     (Threshold: <70.0>)
 Prev Health:    <64.079994>
 Health Runs:    <6>
 Feed Runs:      <1>
 Feed Value:     <21.0>
-------------------------------------------------------------------
 Type:           <Monkey>
 Name:           <Monkey-4>
 Idx:            <4>
 Status:         <HEALTHY>
 Current Health: <37.35215>     (Threshold: <30.0>)
 Prev Health:    <43.943707>
 Health Runs:    <15>
 Feed Runs:      <2>
 Feed Value:     <25.0>
-------------------------------------------------------------------
 Type:           <Giraffe>
 Name:           <Giraffe-5>
 Idx:            <5>
 Status:         <DEAD>
 Current Health: <48.078453>     (Threshold: <50.0>)
 Prev Health:    <55.26259>
 Health Runs:    <8>
 Feed Runs:      <1>
 Feed Value:     <17.0>
-------------------------------------------------------------------
 Type:           <Elephant>
 Name:           <Elephant-6>
 Idx:            <6>
 Status:         <DEAD>
 Current Health: <57.935028>     (Threshold: <70.0>)
 Prev Health:    <65.83526>
 Health Runs:    <8>
 Feed Runs:      <1>
 Feed Value:     <21.0>
-------------------------------------------------------------------
 Type:           <Monkey>
 Name:           <Monkey-7>
 Idx:            <7>
 Status:         <HEALTHY>
 Current Health: <44.34787>     (Threshold: <30.0>)
 Prev Health:    <44.34787>
 Health Runs:    <15>
 Feed Runs:      <2>
 Feed Value:     <25.0>
-------------------------------------------------------------------
 Type:           <Giraffe>
 Name:           <Giraffe-8>
 Idx:            <8>
 Status:         <DEAD>
 Current Health: <47.02344>     (Threshold: <50.0>)
 Prev Health:    <58.7793>
 Health Runs:    <8>
 Feed Runs:      <1>
 Feed Value:     <17.0>
-------------------------------------------------------------------
 Type:           <Elephant>
 Name:           <Elephant-9>
 Idx:            <9>
 Status:         <DEAD>
 Current Health: <67.359604>     (Threshold: <70.0>)
 Prev Health:    <68.04>
 Health Runs:    <5>
 Feed Runs:      <1>
 Feed Value:     <21.0>
-------------------------------------------------------------------
 Type:           <Monkey>
 Name:           <Monkey-10>
 Idx:            <10>
 Status:         <HEALTHY>
 Current Health: <51.00882>     (Threshold: <30.0>)
 Prev Health:    <53.693493>
 Health Runs:    <15>
 Feed Runs:      <2>
 Feed Value:     <25.0>
-------------------------------------------------------------------
 Type:           <Giraffe>
 Name:           <Giraffe-11>
 Idx:            <11>
 Status:         <DEAD>
 Current Health: <44.012756>     (Threshold: <50.0>)
 Prev Health:    <51.177624>
 Health Runs:    <7>
 Feed Runs:      <1>
 Feed Value:     <17.0>
-------------------------------------------------------------------
 Type:           <Elephant>
 Name:           <Elephant-12>
 Idx:            <12>
 Status:         <DEAD>
 Current Health: <67.532906>     (Threshold: <70.0>)
 Prev Health:    <69.62155>
 Health Runs:    <8>
 Feed Runs:      <1>
 Feed Value:     <21.0>
-------------------------------------------------------------------
 Type:           <Monkey>
 Name:           <Monkey-13>
 Idx:            <13>
 Status:         <DEAD>
 Current Health: <27.170803>     (Threshold: <30.0>)
 Prev Health:    <30.528992>
 Health Runs:    <13>
 Feed Runs:      <1>
 Feed Value:     <17.0>
-------------------------------------------------------------------
 Type:           <Giraffe>
 Name:           <Giraffe-14>
 Idx:            <14>
 Status:         <DEAD>
 Current Health: <45.088154>     (Threshold: <50.0>)
 Prev Health:    <53.044888>
 Health Runs:    <12>
 Feed Runs:      <1>
 Feed Value:     <17.0>
-------------------------------------------------------------------
 Type:           <Elephant>
 Name:           <Elephant-15>
 Idx:            <15>
 Status:         <DEAD>
 Current Health: <62.815117>     (Threshold: <70.0>)
 Prev Health:    <66.12118>
 Health Runs:    <8>
 Feed Runs:      <1>
 Feed Value:     <21.0>
-------------------------------------------------------------------

