Java version:    <15.0.1>
Java VM Version: <15.0.1+9-18>

*******************************************************************
***** Starting zoo simulation *****
*******************************************************************

*******************************************************************
***** Loading animal objects into data list... *****
*******************************************************************
monkey::animalFactory(): Returning new object: <1>
monkey::ctor(): Initialising instance: <1>
monkey::animalFactory(): Returning new object: <2>
monkey::ctor(): Initialising instance: <2>
monkey::animalFactory(): Returning new object: <3>
monkey::ctor(): Initialising instance: <3>
monkey::animalFactory(): Returning new object: <4>
monkey::ctor(): Initialising instance: <4>
monkey::animalFactory(): Returning new object: <5>
monkey::ctor(): Initialising instance: <5>

*******************************************************************
***** Printing attributes of all instances... *****
*******************************************************************
 Type:           <Monkey>
 Name:           <Monkey-1>
 Idx:            <1>
 Status:         <HEALTHY>
 Current Health: <100.0>     (Threshold: <30.0>
 Prev Health:    <0.0>
 Health Runs:    <0>
 Feed Runs:      <0>
 Feed Value:     <0.0>
-------------------------------------------------------------------
 Type:           <Monkey>
 Name:           <Monkey-2>
 Idx:            <2>
 Status:         <HEALTHY>
 Current Health: <100.0>     (Threshold: <30.0>
 Prev Health:    <0.0>
 Health Runs:    <0>
 Feed Runs:      <0>
 Feed Value:     <0.0>
-------------------------------------------------------------------
 Type:           <Monkey>
 Name:           <Monkey-3>
 Idx:            <3>
 Status:         <HEALTHY>
 Current Health: <100.0>     (Threshold: <30.0>
 Prev Health:    <0.0>
 Health Runs:    <0>
 Feed Runs:      <0>
 Feed Value:     <0.0>
-------------------------------------------------------------------
 Type:           <Monkey>
 Name:           <Monkey-4>
 Idx:            <4>
 Status:         <HEALTHY>
 Current Health: <100.0>     (Threshold: <30.0>
 Prev Health:    <0.0>
 Health Runs:    <0>
 Feed Runs:      <0>
 Feed Value:     <0.0>
-------------------------------------------------------------------
 Type:           <Monkey>
 Name:           <Monkey-5>
 Idx:            <5>
 Status:         <HEALTHY>
 Current Health: <100.0>     (Threshold: <30.0>
 Prev Health:    <0.0>
 Health Runs:    <0>
 Feed Runs:      <0>
 Feed Value:     <0.0>
-------------------------------------------------------------------
*******************************************************************
***** Adjusting health of animal down... *****
*******************************************************************
animal::changeStatus(): No change to status: <HEALTHY> for <Monkey-1> (ret=1)
animal::changeStatus(): No change to status: <HEALTHY> for <Monkey-2> (ret=1)
animal::changeStatus(): No change to status: <HEALTHY> for <Monkey-3> (ret=1)
animal::changeStatus(): No change to status: <HEALTHY> for <Monkey-4> (ret=1)
animal::changeStatus(): No change to status: <HEALTHY> for <Monkey-5> (ret=1)

*******************************************************************
***** Printing attributes of all instances... *****
*******************************************************************
 Type:           <Monkey>
 Name:           <Monkey-1>
 Idx:            <1>
 Status:         <HEALTHY>
 Current Health: <93.0>     (Threshold: <30.0>
 Prev Health:    <100.0>
 Health Runs:    <1>
 Feed Runs:      <0>
 Feed Value:     <0.0>
-------------------------------------------------------------------
 Type:           <Monkey>
 Name:           <Monkey-2>
 Idx:            <2>
 Status:         <HEALTHY>
 Current Health: <96.0>     (Threshold: <30.0>
 Prev Health:    <100.0>
 Health Runs:    <1>
 Feed Runs:      <0>
 Feed Value:     <0.0>
-------------------------------------------------------------------
 Type:           <Monkey>
 Name:           <Monkey-3>
 Idx:            <3>
 Status:         <HEALTHY>
 Current Health: <89.0>     (Threshold: <30.0>
 Prev Health:    <100.0>
 Health Runs:    <1>
 Feed Runs:      <0>
 Feed Value:     <0.0>
-------------------------------------------------------------------
 Type:           <Monkey>
 Name:           <Monkey-4>
 Idx:            <4>
 Status:         <HEALTHY>
 Current Health: <90.0>     (Threshold: <30.0>
 Prev Health:    <100.0>
 Health Runs:    <1>
 Feed Runs:      <0>
 Feed Value:     <0.0>
-------------------------------------------------------------------
 Type:           <Monkey>
 Name:           <Monkey-5>
 Idx:            <5>
 Status:         <HEALTHY>
 Current Health: <91.0>     (Threshold: <30.0>
 Prev Health:    <100.0>
 Health Runs:    <1>
 Feed Runs:      <0>
 Feed Value:     <0.0>
-------------------------------------------------------------------
*******************************************************************
***** Adjusting health of animal down... *****
*******************************************************************
animal::changeStatus(): No change to status: <HEALTHY> for <Monkey-1> (ret=1)
animal::changeStatus(): No change to status: <HEALTHY> for <Monkey-2> (ret=1)
animal::changeStatus(): No change to status: <HEALTHY> for <Monkey-3> (ret=1)
animal::changeStatus(): No change to status: <HEALTHY> for <Monkey-4> (ret=1)
animal::changeStatus(): No change to status: <HEALTHY> for <Monkey-5> (ret=1)

*******************************************************************
***** Printing attributes of all instances... *****
*******************************************************************
 Type:           <Monkey>
 Name:           <Monkey-1>
 Idx:            <1>
 Status:         <HEALTHY>
 Current Health: <82.770004>     (Threshold: <30.0>
 Prev Health:    <93.0>
 Health Runs:    <2>
 Feed Runs:      <0>
 Feed Value:     <0.0>
-------------------------------------------------------------------
 Type:           <Monkey>
 Name:           <Monkey-2>
 Idx:            <2>
 Status:         <HEALTHY>
 Current Health: <84.479996>     (Threshold: <30.0>
 Prev Health:    <96.0>
 Health Runs:    <2>
 Feed Runs:      <0>
 Feed Value:     <0.0>
-------------------------------------------------------------------
 Type:           <Monkey>
 Name:           <Monkey-3>
 Idx:            <3>
 Status:         <HEALTHY>
 Current Health: <79.21>     (Threshold: <30.0>
 Prev Health:    <89.0>
 Health Runs:    <2>
 Feed Runs:      <0>
 Feed Value:     <0.0>
-------------------------------------------------------------------
 Type:           <Monkey>
 Name:           <Monkey-4>
 Idx:            <4>
 Status:         <HEALTHY>
 Current Health: <76.5>     (Threshold: <30.0>
 Prev Health:    <90.0>
 Health Runs:    <2>
 Feed Runs:      <0>
 Feed Value:     <0.0>
-------------------------------------------------------------------
 Type:           <Monkey>
 Name:           <Monkey-5>
 Idx:            <5>
 Status:         <HEALTHY>
 Current Health: <77.35>     (Threshold: <30.0>
 Prev Health:    <91.0>
 Health Runs:    <2>
 Feed Runs:      <0>
 Feed Value:     <0.0>
-------------------------------------------------------------------
*******************************************************************
***** Adjusting health of animal down... *****
*******************************************************************
animal::changeStatus(): No change to status: <HEALTHY> for <Monkey-1> (ret=1)
animal::changeStatus(): No change to status: <HEALTHY> for <Monkey-2> (ret=1)
animal::changeStatus(): No change to status: <HEALTHY> for <Monkey-3> (ret=1)
animal::changeStatus(): No change to status: <HEALTHY> for <Monkey-4> (ret=1)
animal::changeStatus(): No change to status: <HEALTHY> for <Monkey-5> (ret=1)
*******************************************************************
***** Adjusting health of animal down... *****
*******************************************************************
animal::changeStatus(): No change to status: <HEALTHY> for <Monkey-1> (ret=1)
animal::changeStatus(): No change to status: <HEALTHY> for <Monkey-2> (ret=1)
animal::changeStatus(): No change to status: <HEALTHY> for <Monkey-3> (ret=1)
animal::changeStatus(): No change to status: <HEALTHY> for <Monkey-4> (ret=1)
animal::changeStatus(): No change to status: <HEALTHY> for <Monkey-5> (ret=1)
*******************************************************************
***** Adjusting health of animal down... *****
*******************************************************************
animal::changeStatus(): No change to status: <HEALTHY> for <Monkey-1> (ret=1)
animal::changeStatus(): No change to status: <HEALTHY> for <Monkey-2> (ret=1)
animal::changeStatus(): No change to status: <HEALTHY> for <Monkey-3> (ret=1)
animal::changeStatus(): No change to status: <HEALTHY> for <Monkey-4> (ret=1)
animal::changeStatus(): No change to status: <HEALTHY> for <Monkey-5> (ret=1)
*******************************************************************
***** Adjusting health of animal down... *****
*******************************************************************
animal::changeStatus(): No change to status: <HEALTHY> for <Monkey-1> (ret=1)
animal::changeStatus(): No change to status: <HEALTHY> for <Monkey-2> (ret=1)
animal::changeStatus(): No change to status: <HEALTHY> for <Monkey-3> (ret=1)
animal::changeStatus(): No change to status: <HEALTHY> for <Monkey-4> (ret=1)
animal::changeStatus(): No change to status: <HEALTHY> for <Monkey-5> (ret=1)
*******************************************************************
***** Adjusting health of animal down... *****
*******************************************************************
animal::changeStatus(): No change to status: <HEALTHY> for <Monkey-1> (ret=1)
animal::changeStatus(): No change to status: <HEALTHY> for <Monkey-2> (ret=1)
animal::changeStatus(): No change to status: <HEALTHY> for <Monkey-3> (ret=1)
animal::changeStatus(): No change to status: <HEALTHY> for <Monkey-4> (ret=1)
animal::changeStatus(): No change to status: <HEALTHY> for <Monkey-5> (ret=1)
*******************************************************************
***** Adjusting health of animal down... *****
*******************************************************************
animal::changeStatus(): No change to status: <HEALTHY> for <Monkey-1> (ret=1)
animal::changeStatus(): No change to status: <HEALTHY> for <Monkey-2> (ret=1)
animal::changeStatus(): No change to status: <HEALTHY> for <Monkey-3> (ret=1)
animal::changeStatus(): No change to status: <HEALTHY> for <Monkey-4> (ret=1)
animal::changeStatus(): No change to status: <HEALTHY> for <Monkey-5> (ret=1)
*******************************************************************
***** Adjusting health of animal down... *****
*******************************************************************
animal::changeStatus(): No change to status: <HEALTHY> for <Monkey-1> (ret=1)
animal::changeStatus(): No change to status: <HEALTHY> for <Monkey-2> (ret=1)
animal::changeStatus(): No change to status: <HEALTHY> for <Monkey-3> (ret=1)
animal::changeStatus(): Status Changed from: HEALTHY -> DEAD for <Monkey-4>
animal::changeStatus(): No change to status: <HEALTHY> for <Monkey-5> (ret=1)
*******************************************************************
***** Adjusting health of animal down... *****
*******************************************************************
animal::changeStatus(): No change to status: <HEALTHY> for <Monkey-1> (ret=1)
animal::changeStatus(): No change to status: <HEALTHY> for <Monkey-2> (ret=1)
animal::changeStatus(): No change to status: <HEALTHY> for <Monkey-3> (ret=1)
animal::changeStatus(): Status Changed from: HEALTHY -> DEAD for <Monkey-5>
*******************************************************************
***** Adjusting health of animal down... *****
*******************************************************************
animal::changeStatus(): No change to status: <HEALTHY> for <Monkey-1> (ret=1)
animal::changeStatus(): No change to status: <HEALTHY> for <Monkey-2> (ret=1)
animal::changeStatus(): No change to status: <HEALTHY> for <Monkey-3> (ret=1)
*******************************************************************
***** Adjusting health of animal down... *****
*******************************************************************
animal::changeStatus(): No change to status: <HEALTHY> for <Monkey-1> (ret=1)
animal::changeStatus(): No change to status: <HEALTHY> for <Monkey-2> (ret=1)
animal::changeStatus(): No change to status: <HEALTHY> for <Monkey-3> (ret=1)
*******************************************************************
***** Feeding all animals... *****
*******************************************************************
****************** printRandomFeedValue() ******************
Monkey   = <13>
Giraffe  = <16>
Elephant = <22>
************************************************************
*******************************************************************
***** Adjusting health of animal down... *****
*******************************************************************
animal::changeStatus(): No change to status: <HEALTHY> for <Monkey-1> (ret=1)
animal::changeStatus(): No change to status: <HEALTHY> for <Monkey-2> (ret=1)
animal::changeStatus(): No change to status: <HEALTHY> for <Monkey-3> (ret=1)

*******************************************************************
***** Printing attributes of all instances... *****
*******************************************************************
 Type:           <Monkey>
 Name:           <Monkey-1>
 Idx:            <1>
 Status:         <HEALTHY>
 Current Health: <34.471783>     (Threshold: <30.0>
 Prev Health:    <43.08973>
 Health Runs:    <14>
 Feed Runs:      <1>
 Feed Value:     <13.0>
-------------------------------------------------------------------
 Type:           <Monkey>
 Name:           <Monkey-2>
 Idx:            <2>
 Status:         <HEALTHY>
 Current Health: <37.09244>     (Threshold: <30.0>
 Prev Health:    <37.467113>
 Health Runs:    <14>
 Feed Runs:      <1>
 Feed Value:     <13.0>
-------------------------------------------------------------------
 Type:           <Monkey>
 Name:           <Monkey-3>
 Idx:            <3>
 Status:         <HEALTHY>
 Current Health: <31.429232>     (Threshold: <30.0>
 Prev Health:    <35.313744>
 Health Runs:    <14>
 Feed Runs:      <1>
 Feed Value:     <13.0>
-------------------------------------------------------------------
 Type:           <Monkey>
 Name:           <Monkey-4>
 Idx:            <4>
 Status:         <DEAD>
 Current Health: <26.074493>     (Threshold: <30.0>
 Prev Health:    <30.31918>
 Health Runs:    <9>
 Feed Runs:      <0>
 Feed Value:     <0.0>
-------------------------------------------------------------------
 Type:           <Monkey>
 Name:           <Monkey-5>
 Idx:            <5>
 Status:         <DEAD>
 Current Health: <25.031277>     (Threshold: <30.0>
 Prev Health:    <30.158165>
 Health Runs:    <10>
 Feed Runs:      <0>
 Feed Value:     <0.0>
-------------------------------------------------------------------

