[INFO] Scanning for projects...
[INFO] 
[INFO] ---------------------< polymorphism:polymorphism >----------------------
[INFO] Building polymorphism 0.0.1-SNAPSHOT
[INFO] --------------------------------[ jar ]---------------------------------
[INFO] 
[INFO] --- maven-clean-plugin:2.5:clean (default-clean) @ polymorphism ---
[INFO] Deleting C:\cygwin64\home\lab1301\src\lab1301-git\src\Eclipse\Java\polymorphism\target
[INFO] 
[INFO] --- maven-resources-plugin:2.6:resources (default-resources) @ polymorphism ---
[INFO] Using 'UTF-8' encoding to copy filtered resources.
[INFO] skip non existing resourceDirectory C:\cygwin64\home\lab1301\src\lab1301-git\src\Eclipse\Java\polymorphism\src\main\resources
[INFO] 
[INFO] --- maven-compiler-plugin:3.8.1:compile (default-compile) @ polymorphism ---
[INFO] Changes detected - recompiling the module!
[INFO] Compiling 4 source files to C:\cygwin64\home\lab1301\src\lab1301-git\src\Eclipse\Java\polymorphism\target\classes
[INFO] 
[INFO] --- maven-resources-plugin:2.6:testResources (default-testResources) @ polymorphism ---
[INFO] Using 'UTF-8' encoding to copy filtered resources.
[INFO] skip non existing resourceDirectory C:\cygwin64\home\lab1301\src\lab1301-git\src\Eclipse\Java\polymorphism\src\test\resources
[INFO] 
[INFO] --- maven-compiler-plugin:3.8.1:testCompile (default-testCompile) @ polymorphism ---
[INFO] No sources to compile
[INFO] 
[INFO] --- maven-surefire-plugin:2.12.4:test (default-test) @ polymorphism ---
[INFO] No tests to run.
[INFO] 
[INFO] --- maven-jar-plugin:2.4:jar (default-jar) @ polymorphism ---
[INFO] Building jar: C:\cygwin64\home\lab1301\src\lab1301-git\src\Eclipse\Java\polymorphism\target\polymorphism-0.0.1-SNAPSHOT.jar
[INFO] ------------------------------------------------------------------------
[INFO] BUILD SUCCESS
[INFO] ------------------------------------------------------------------------
[INFO] Total time:  3.507 s
[INFO] Finished at: 2021-09-25T20:45:19+01:00
[INFO] ------------------------------------------------------------------------
[INFO] Scanning for projects...
[INFO] 
[INFO] ---------------------< polymorphism:polymorphism >----------------------
[INFO] Building polymorphism 0.0.1-SNAPSHOT
[INFO] --------------------------------[ jar ]---------------------------------
[INFO] 
[INFO] --- maven-resources-plugin:2.6:resources (default-resources) @ polymorphism ---
[INFO] Using 'UTF-8' encoding to copy filtered resources.
[INFO] skip non existing resourceDirectory C:\cygwin64\home\lab1301\src\lab1301-git\src\Eclipse\Java\polymorphism\src\main\resources
[INFO] 
[INFO] --- maven-compiler-plugin:3.8.1:compile (default-compile) @ polymorphism ---
[INFO] Changes detected - recompiling the module!
[INFO] Compiling 4 source files to C:\cygwin64\home\lab1301\src\lab1301-git\src\Eclipse\Java\polymorphism\target\classes
[INFO] ------------------------------------------------------------------------
[INFO] BUILD SUCCESS
[INFO] ------------------------------------------------------------------------
[INFO] Total time:  2.573 s
[INFO] Finished at: 2021-09-25T20:45:28+01:00
[INFO] ------------------------------------------------------------------------
[INFO] Scanning for projects...
[INFO] 
[INFO] ---------------------< polymorphism:polymorphism >----------------------
[INFO] Building polymorphism 0.0.1-SNAPSHOT
[INFO] --------------------------------[ jar ]---------------------------------
[INFO] 
[INFO] --- maven-resources-plugin:2.6:resources (default-resources) @ polymorphism ---
[INFO] Using 'UTF-8' encoding to copy filtered resources.
[INFO] skip non existing resourceDirectory C:\cygwin64\home\lab1301\src\lab1301-git\src\Eclipse\Java\polymorphism\src\main\resources
[INFO] 
[INFO] --- maven-compiler-plugin:3.8.1:compile (default-compile) @ polymorphism ---
[INFO] Changes detected - recompiling the module!
[INFO] Compiling 4 source files to C:\cygwin64\home\lab1301\src\lab1301-git\src\Eclipse\Java\polymorphism\target\classes
[INFO] 
[INFO] --- maven-resources-plugin:2.6:testResources (default-testResources) @ polymorphism ---
[INFO] Using 'UTF-8' encoding to copy filtered resources.
[INFO] skip non existing resourceDirectory C:\cygwin64\home\lab1301\src\lab1301-git\src\Eclipse\Java\polymorphism\src\test\resources
[INFO] 
[INFO] --- maven-compiler-plugin:3.8.1:testCompile (default-testCompile) @ polymorphism ---
[INFO] No sources to compile
[INFO] 
[INFO] --- maven-surefire-plugin:2.12.4:test (default-test) @ polymorphism ---
[INFO] No tests to run.
[INFO] 
[INFO] --- maven-jar-plugin:2.4:jar (default-jar) @ polymorphism ---
[INFO] Building jar: C:\cygwin64\home\lab1301\src\lab1301-git\src\Eclipse\Java\polymorphism\target\polymorphism-0.0.1-SNAPSHOT.jar
[INFO] ------------------------------------------------------------------------
[INFO] BUILD SUCCESS
[INFO] ------------------------------------------------------------------------
[INFO] Total time:  3.519 s
[INFO] Finished at: 2021-09-25T20:45:41+01:00
[INFO] ------------------------------------------------------------------------
