Java version:    <15.0.1>
Java VM Version: <15.0.1+9-18>

*******************************************************************
***** Starting zoo simulation *****
*******************************************************************

*******************************************************************
***** Loading animal objects into data list... *****
*******************************************************************
monkey::animalFactory(): Returning new object: <1>
monkey::ctor(): Initialising instance: <1>

giraffe::animalFactory(): Returning new object: <2>
giraffe::ctor(): Initialising instance: <2>

elephant::animalFactory(): Returning new object: <3>
elephant::ctor(): Initialising instance: <3>

monkey::animalFactory(): Returning new object: <4>
monkey::ctor(): Initialising instance: <4>

giraffe::animalFactory(): Returning new object: <5>
giraffe::ctor(): Initialising instance: <5>

elephant::animalFactory(): Returning new object: <6>
elephant::ctor(): Initialising instance: <6>

monkey::animalFactory(): Returning new object: <7>
monkey::ctor(): Initialising instance: <7>

giraffe::animalFactory(): Returning new object: <8>
giraffe::ctor(): Initialising instance: <8>

elephant::animalFactory(): Returning new object: <9>
elephant::ctor(): Initialising instance: <9>

monkey::animalFactory(): Returning new object: <10>
monkey::ctor(): Initialising instance: <10>

giraffe::animalFactory(): Returning new object: <11>
giraffe::ctor(): Initialising instance: <11>

elephant::animalFactory(): Returning new object: <12>
elephant::ctor(): Initialising instance: <12>

monkey::animalFactory(): Returning new object: <13>
monkey::ctor(): Initialising instance: <13>

giraffe::animalFactory(): Returning new object: <14>
giraffe::ctor(): Initialising instance: <14>

elephant::animalFactory(): Returning new object: <15>
elephant::ctor(): Initialising instance: <15>


*******************************************************************
***** Printing attributes of all instances... *****
*******************************************************************
 Type:           <Monkey>
 Name:           <Monkey-1>
 Idx:            <1>
 Status:         <HEALTHY>
 Current Health: <100.0>     (Threshold: <30.0>)
 Prev Health:    <0.0>
 Health Runs:    <0>
 Feed Runs:      <0>
 Feed Value:     <0.0>
-------------------------------------------------------------------
 Type:           <Giraffe>
 Name:           <Giraffe-2>
 Idx:            <2>
 Status:         <HEALTHY>
 Current Health: <100.0>     (Threshold: <50.0>)
 Prev Health:    <0.0>
 Health Runs:    <0>
 Feed Runs:      <0>
 Feed Value:     <0.0>
-------------------------------------------------------------------
 Type:           <Elephant>
 Name:           <Elephant-3>
 Idx:            <3>
 Status:         <HEALTHY>
 Current Health: <100.0>     (Threshold: <70.0>)
 Prev Health:    <0.0>
 Health Runs:    <0>
 Feed Runs:      <0>
 Feed Value:     <0.0>
-------------------------------------------------------------------
 Type:           <Monkey>
 Name:           <Monkey-4>
 Idx:            <4>
 Status:         <HEALTHY>
 Current Health: <100.0>     (Threshold: <30.0>)
 Prev Health:    <0.0>
 Health Runs:    <0>
 Feed Runs:      <0>
 Feed Value:     <0.0>
-------------------------------------------------------------------
 Type:           <Giraffe>
 Name:           <Giraffe-5>
 Idx:            <5>
 Status:         <HEALTHY>
 Current Health: <100.0>     (Threshold: <50.0>)
 Prev Health:    <0.0>
 Health Runs:    <0>
 Feed Runs:      <0>
 Feed Value:     <0.0>
-------------------------------------------------------------------
 Type:           <Elephant>
 Name:           <Elephant-6>
 Idx:            <6>
 Status:         <HEALTHY>
 Current Health: <100.0>     (Threshold: <70.0>)
 Prev Health:    <0.0>
 Health Runs:    <0>
 Feed Runs:      <0>
 Feed Value:     <0.0>
-------------------------------------------------------------------
 Type:           <Monkey>
 Name:           <Monkey-7>
 Idx:            <7>
 Status:         <HEALTHY>
 Current Health: <100.0>     (Threshold: <30.0>)
 Prev Health:    <0.0>
 Health Runs:    <0>
 Feed Runs:      <0>
 Feed Value:     <0.0>
-------------------------------------------------------------------
 Type:           <Giraffe>
 Name:           <Giraffe-8>
 Idx:            <8>
 Status:         <HEALTHY>
 Current Health: <100.0>     (Threshold: <50.0>)
 Prev Health:    <0.0>
 Health Runs:    <0>
 Feed Runs:      <0>
 Feed Value:     <0.0>
-------------------------------------------------------------------
 Type:           <Elephant>
 Name:           <Elephant-9>
 Idx:            <9>
 Status:         <HEALTHY>
 Current Health: <100.0>     (Threshold: <70.0>)
 Prev Health:    <0.0>
 Health Runs:    <0>
 Feed Runs:      <0>
 Feed Value:     <0.0>
-------------------------------------------------------------------
 Type:           <Monkey>
 Name:           <Monkey-10>
 Idx:            <10>
 Status:         <HEALTHY>
 Current Health: <100.0>     (Threshold: <30.0>)
 Prev Health:    <0.0>
 Health Runs:    <0>
 Feed Runs:      <0>
 Feed Value:     <0.0>
-------------------------------------------------------------------
 Type:           <Giraffe>
 Name:           <Giraffe-11>
 Idx:            <11>
 Status:         <HEALTHY>
 Current Health: <100.0>     (Threshold: <50.0>)
 Prev Health:    <0.0>
 Health Runs:    <0>
 Feed Runs:      <0>
 Feed Value:     <0.0>
-------------------------------------------------------------------
 Type:           <Elephant>
 Name:           <Elephant-12>
 Idx:            <12>
 Status:         <HEALTHY>
 Current Health: <100.0>     (Threshold: <70.0>)
 Prev Health:    <0.0>
 Health Runs:    <0>
 Feed Runs:      <0>
 Feed Value:     <0.0>
-------------------------------------------------------------------
 Type:           <Monkey>
 Name:           <Monkey-13>
 Idx:            <13>
 Status:         <HEALTHY>
 Current Health: <100.0>     (Threshold: <30.0>)
 Prev Health:    <0.0>
 Health Runs:    <0>
 Feed Runs:      <0>
 Feed Value:     <0.0>
-------------------------------------------------------------------
 Type:           <Giraffe>
 Name:           <Giraffe-14>
 Idx:            <14>
 Status:         <HEALTHY>
 Current Health: <100.0>     (Threshold: <50.0>)
 Prev Health:    <0.0>
 Health Runs:    <0>
 Feed Runs:      <0>
 Feed Value:     <0.0>
-------------------------------------------------------------------
 Type:           <Elephant>
 Name:           <Elephant-15>
 Idx:            <15>
 Status:         <HEALTHY>
 Current Health: <100.0>     (Threshold: <70.0>)
 Prev Health:    <0.0>
 Health Runs:    <0>
 Feed Runs:      <0>
 Feed Value:     <0.0>
-------------------------------------------------------------------
*******************************************************************
***** Adjusting health of animal down... *****
*******************************************************************
animal::changeStatus(): No change to status: <HEALTHY> for <Monkey-1> (ret=1)
animal::changeStatus(): No change to status: <HEALTHY> for <Giraffe-2> (ret=1)
animal::changeStatus(): No change to status: <HEALTHY> for <Elephant-3> (ret=1)
animal::changeStatus(): No change to status: <HEALTHY> for <Monkey-4> (ret=1)
animal::changeStatus(): No change to status: <HEALTHY> for <Giraffe-5> (ret=1)
animal::changeStatus(): No change to status: <HEALTHY> for <Elephant-6> (ret=1)
animal::changeStatus(): No change to status: <HEALTHY> for <Monkey-7> (ret=1)
animal::changeStatus(): No change to status: <HEALTHY> for <Giraffe-8> (ret=1)
animal::changeStatus(): No change to status: <HEALTHY> for <Elephant-9> (ret=1)
animal::changeStatus(): No change to status: <HEALTHY> for <Monkey-10> (ret=1)
animal::changeStatus(): No change to status: <HEALTHY> for <Giraffe-11> (ret=1)
animal::changeStatus(): No change to status: <HEALTHY> for <Elephant-12> (ret=1)
animal::changeStatus(): No change to status: <HEALTHY> for <Monkey-13> (ret=1)
animal::changeStatus(): No change to status: <HEALTHY> for <Giraffe-14> (ret=1)
animal::changeStatus(): No change to status: <HEALTHY> for <Elephant-15> (ret=1)

*******************************************************************
***** Printing attributes of all instances... *****
*******************************************************************
 Type:           <Monkey>
 Name:           <Monkey-1>
 Idx:            <1>
 Status:         <HEALTHY>
 Current Health: <85.0>     (Threshold: <30.0>)
 Prev Health:    <100.0>
 Health Runs:    <1>
 Feed Runs:      <0>
 Feed Value:     <0.0>
-------------------------------------------------------------------
 Type:           <Giraffe>
 Name:           <Giraffe-2>
 Idx:            <2>
 Status:         <HEALTHY>
 Current Health: <82.0>     (Threshold: <50.0>)
 Prev Health:    <100.0>
 Health Runs:    <1>
 Feed Runs:      <0>
 Feed Value:     <0.0>
-------------------------------------------------------------------
 Type:           <Elephant>
 Name:           <Elephant-3>
 Idx:            <3>
 Status:         <HEALTHY>
 Current Health: <96.0>     (Threshold: <70.0>)
 Prev Health:    <100.0>
 Health Runs:    <1>
 Feed Runs:      <0>
 Feed Value:     <0.0>
-------------------------------------------------------------------
 Type:           <Monkey>
 Name:           <Monkey-4>
 Idx:            <4>
 Status:         <HEALTHY>
 Current Health: <85.0>     (Threshold: <30.0>)
 Prev Health:    <100.0>
 Health Runs:    <1>
 Feed Runs:      <0>
 Feed Value:     <0.0>
-------------------------------------------------------------------
 Type:           <Giraffe>
 Name:           <Giraffe-5>
 Idx:            <5>
 Status:         <HEALTHY>
 Current Health: <92.0>     (Threshold: <50.0>)
 Prev Health:    <100.0>
 Health Runs:    <1>
 Feed Runs:      <0>
 Feed Value:     <0.0>
-------------------------------------------------------------------
 Type:           <Elephant>
 Name:           <Elephant-6>
 Idx:            <6>
 Status:         <HEALTHY>
 Current Health: <86.0>     (Threshold: <70.0>)
 Prev Health:    <100.0>
 Health Runs:    <1>
 Feed Runs:      <0>
 Feed Value:     <0.0>
-------------------------------------------------------------------
 Type:           <Monkey>
 Name:           <Monkey-7>
 Idx:            <7>
 Status:         <HEALTHY>
 Current Health: <96.0>     (Threshold: <30.0>)
 Prev Health:    <100.0>
 Health Runs:    <1>
 Feed Runs:      <0>
 Feed Value:     <0.0>
-------------------------------------------------------------------
 Type:           <Giraffe>
 Name:           <Giraffe-8>
 Idx:            <8>
 Status:         <HEALTHY>
 Current Health: <96.0>     (Threshold: <50.0>)
 Prev Health:    <100.0>
 Health Runs:    <1>
 Feed Runs:      <0>
 Feed Value:     <0.0>
-------------------------------------------------------------------
 Type:           <Elephant>
 Name:           <Elephant-9>
 Idx:            <9>
 Status:         <HEALTHY>
 Current Health: <94.0>     (Threshold: <70.0>)
 Prev Health:    <100.0>
 Health Runs:    <1>
 Feed Runs:      <0>
 Feed Value:     <0.0>
-------------------------------------------------------------------
 Type:           <Monkey>
 Name:           <Monkey-10>
 Idx:            <10>
 Status:         <HEALTHY>
 Current Health: <96.0>     (Threshold: <30.0>)
 Prev Health:    <100.0>
 Health Runs:    <1>
 Feed Runs:      <0>
 Feed Value:     <0.0>
-------------------------------------------------------------------
 Type:           <Giraffe>
 Name:           <Giraffe-11>
 Idx:            <11>
 Status:         <HEALTHY>
 Current Health: <84.0>     (Threshold: <50.0>)
 Prev Health:    <100.0>
 Health Runs:    <1>
 Feed Runs:      <0>
 Feed Value:     <0.0>
-------------------------------------------------------------------
 Type:           <Elephant>
 Name:           <Elephant-12>
 Idx:            <12>
 Status:         <HEALTHY>
 Current Health: <82.0>     (Threshold: <70.0>)
 Prev Health:    <100.0>
 Health Runs:    <1>
 Feed Runs:      <0>
 Feed Value:     <0.0>
-------------------------------------------------------------------
 Type:           <Monkey>
 Name:           <Monkey-13>
 Idx:            <13>
 Status:         <HEALTHY>
 Current Health: <94.0>     (Threshold: <30.0>)
 Prev Health:    <100.0>
 Health Runs:    <1>
 Feed Runs:      <0>
 Feed Value:     <0.0>
-------------------------------------------------------------------
 Type:           <Giraffe>
 Name:           <Giraffe-14>
 Idx:            <14>
 Status:         <HEALTHY>
 Current Health: <83.0>     (Threshold: <50.0>)
 Prev Health:    <100.0>
 Health Runs:    <1>
 Feed Runs:      <0>
 Feed Value:     <0.0>
-------------------------------------------------------------------
 Type:           <Elephant>
 Name:           <Elephant-15>
 Idx:            <15>
 Status:         <HEALTHY>
 Current Health: <89.0>     (Threshold: <70.0>)
 Prev Health:    <100.0>
 Health Runs:    <1>
 Feed Runs:      <0>
 Feed Value:     <0.0>
-------------------------------------------------------------------
*******************************************************************
***** Feeding all animals... *****
*******************************************************************
****************** printRandomFeedValue() ******************
Monkey   = <21>
Giraffe  = <12>
Elephant = <11>
************************************************************

*******************************************************************
***** Printing attributes of all instances... *****
*******************************************************************
 Type:           <Monkey>
 Name:           <Monkey-1>
 Idx:            <1>
 Status:         <HEALTHY>
 Current Health: <95.2>     (Threshold: <30.0>)
 Prev Health:    <85.0>
 Health Runs:    <1>
 Feed Runs:      <1>
 Feed Value:     <21.0>
-------------------------------------------------------------------
 Type:           <Giraffe>
 Name:           <Giraffe-2>
 Idx:            <2>
 Status:         <HEALTHY>
 Current Health: <91.84>     (Threshold: <50.0>)
 Prev Health:    <82.0>
 Health Runs:    <1>
 Feed Runs:      <1>
 Feed Value:     <12.0>
-------------------------------------------------------------------
 Type:           <Elephant>
 Name:           <Elephant-3>
 Idx:            <3>
 Status:         <HEALTHY>
 Current Health: <100.0>     (Threshold: <70.0>)
 Prev Health:    <96.0>
 Health Runs:    <1>
 Feed Runs:      <1>
 Feed Value:     <11.0>
-------------------------------------------------------------------
 Type:           <Monkey>
 Name:           <Monkey-4>
 Idx:            <4>
 Status:         <HEALTHY>
 Current Health: <95.2>     (Threshold: <30.0>)
 Prev Health:    <85.0>
 Health Runs:    <1>
 Feed Runs:      <1>
 Feed Value:     <21.0>
-------------------------------------------------------------------
 Type:           <Giraffe>
 Name:           <Giraffe-5>
 Idx:            <5>
 Status:         <HEALTHY>
 Current Health: <100.0>     (Threshold: <50.0>)
 Prev Health:    <92.0>
 Health Runs:    <1>
 Feed Runs:      <1>
 Feed Value:     <12.0>
-------------------------------------------------------------------
 Type:           <Elephant>
 Name:           <Elephant-6>
 Idx:            <6>
 Status:         <HEALTHY>
 Current Health: <96.32>     (Threshold: <70.0>)
 Prev Health:    <86.0>
 Health Runs:    <1>
 Feed Runs:      <1>
 Feed Value:     <11.0>
-------------------------------------------------------------------
 Type:           <Monkey>
 Name:           <Monkey-7>
 Idx:            <7>
 Status:         <HEALTHY>
 Current Health: <100.0>     (Threshold: <30.0>)
 Prev Health:    <96.0>
 Health Runs:    <1>
 Feed Runs:      <1>
 Feed Value:     <21.0>
-------------------------------------------------------------------
 Type:           <Giraffe>
 Name:           <Giraffe-8>
 Idx:            <8>
 Status:         <HEALTHY>
 Current Health: <100.0>     (Threshold: <50.0>)
 Prev Health:    <96.0>
 Health Runs:    <1>
 Feed Runs:      <1>
 Feed Value:     <12.0>
-------------------------------------------------------------------
 Type:           <Elephant>
 Name:           <Elephant-9>
 Idx:            <9>
 Status:         <HEALTHY>
 Current Health: <100.0>     (Threshold: <70.0>)
 Prev Health:    <94.0>
 Health Runs:    <1>
 Feed Runs:      <1>
 Feed Value:     <11.0>
-------------------------------------------------------------------
 Type:           <Monkey>
 Name:           <Monkey-10>
 Idx:            <10>
 Status:         <HEALTHY>
 Current Health: <100.0>     (Threshold: <30.0>)
 Prev Health:    <96.0>
 Health Runs:    <1>
 Feed Runs:      <1>
 Feed Value:     <21.0>
-------------------------------------------------------------------
 Type:           <Giraffe>
 Name:           <Giraffe-11>
 Idx:            <11>
 Status:         <HEALTHY>
 Current Health: <94.08>     (Threshold: <50.0>)
 Prev Health:    <84.0>
 Health Runs:    <1>
 Feed Runs:      <1>
 Feed Value:     <12.0>
-------------------------------------------------------------------
 Type:           <Elephant>
 Name:           <Elephant-12>
 Idx:            <12>
 Status:         <HEALTHY>
 Current Health: <91.84>     (Threshold: <70.0>)
 Prev Health:    <82.0>
 Health Runs:    <1>
 Feed Runs:      <1>
 Feed Value:     <11.0>
-------------------------------------------------------------------
 Type:           <Monkey>
 Name:           <Monkey-13>
 Idx:            <13>
 Status:         <HEALTHY>
 Current Health: <100.0>     (Threshold: <30.0>)
 Prev Health:    <94.0>
 Health Runs:    <1>
 Feed Runs:      <1>
 Feed Value:     <21.0>
-------------------------------------------------------------------
 Type:           <Giraffe>
 Name:           <Giraffe-14>
 Idx:            <14>
 Status:         <HEALTHY>
 Current Health: <92.96>     (Threshold: <50.0>)
 Prev Health:    <83.0>
 Health Runs:    <1>
 Feed Runs:      <1>
 Feed Value:     <12.0>
-------------------------------------------------------------------
 Type:           <Elephant>
 Name:           <Elephant-15>
 Idx:            <15>
 Status:         <HEALTHY>
 Current Health: <99.68>     (Threshold: <70.0>)
 Prev Health:    <89.0>
 Health Runs:    <1>
 Feed Runs:      <1>
 Feed Value:     <11.0>
-------------------------------------------------------------------
*******************************************************************
***** Adjusting health of animal down... *****
*******************************************************************
animal::changeStatus(): No change to status: <HEALTHY> for <Monkey-1> (ret=1)
animal::changeStatus(): No change to status: <HEALTHY> for <Giraffe-2> (ret=1)
animal::changeStatus(): No change to status: <HEALTHY> for <Elephant-3> (ret=1)
animal::changeStatus(): No change to status: <HEALTHY> for <Monkey-4> (ret=1)
animal::changeStatus(): No change to status: <HEALTHY> for <Giraffe-5> (ret=1)
animal::changeStatus(): No change to status: <HEALTHY> for <Elephant-6> (ret=1)
animal::changeStatus(): No change to status: <HEALTHY> for <Monkey-7> (ret=1)
animal::changeStatus(): No change to status: <HEALTHY> for <Giraffe-8> (ret=1)
animal::changeStatus(): No change to status: <HEALTHY> for <Elephant-9> (ret=1)
animal::changeStatus(): No change to status: <HEALTHY> for <Monkey-10> (ret=1)
animal::changeStatus(): No change to status: <HEALTHY> for <Giraffe-11> (ret=1)
animal::changeStatus(): No change to status: <HEALTHY> for <Elephant-12> (ret=1)
animal::changeStatus(): No change to status: <HEALTHY> for <Monkey-13> (ret=1)
animal::changeStatus(): No change to status: <HEALTHY> for <Giraffe-14> (ret=1)
animal::changeStatus(): No change to status: <HEALTHY> for <Elephant-15> (ret=1)

*******************************************************************
***** Printing attributes of all instances... *****
*******************************************************************
 Type:           <Monkey>
 Name:           <Monkey-1>
 Idx:            <1>
 Status:         <HEALTHY>
 Current Health: <76.159996>     (Threshold: <30.0>)
 Prev Health:    <95.2>
 Health Runs:    <3>
 Feed Runs:      <1>
 Feed Value:     <21.0>
-------------------------------------------------------------------
 Type:           <Giraffe>
 Name:           <Giraffe-2>
 Idx:            <2>
 Status:         <HEALTHY>
 Current Health: <90.0032>     (Threshold: <50.0>)
 Prev Health:    <91.84>
 Health Runs:    <3>
 Feed Runs:      <1>
 Feed Value:     <12.0>
-------------------------------------------------------------------
 Type:           <Elephant>
 Name:           <Elephant-3>
 Idx:            <3>
 Status:         <HEALTHY>
 Current Health: <90.0>     (Threshold: <70.0>)
 Prev Health:    <100.0>
 Health Runs:    <3>
 Feed Runs:      <1>
 Feed Value:     <11.0>
-------------------------------------------------------------------
 Type:           <Monkey>
 Name:           <Monkey-4>
 Idx:            <4>
 Status:         <HEALTHY>
 Current Health: <82.824>     (Threshold: <30.0>)
 Prev Health:    <95.2>
 Health Runs:    <3>
 Feed Runs:      <1>
 Feed Value:     <21.0>
-------------------------------------------------------------------
 Type:           <Giraffe>
 Name:           <Giraffe-5>
 Idx:            <5>
 Status:         <HEALTHY>
 Current Health: <98.0>     (Threshold: <50.0>)
 Prev Health:    <100.0>
 Health Runs:    <3>
 Feed Runs:      <1>
 Feed Value:     <12.0>
-------------------------------------------------------------------
 Type:           <Elephant>
 Name:           <Elephant-6>
 Idx:            <6>
 Status:         <HEALTHY>
 Current Health: <91.504>     (Threshold: <70.0>)
 Prev Health:    <96.32>
 Health Runs:    <3>
 Feed Runs:      <1>
 Feed Value:     <11.0>
-------------------------------------------------------------------
 Type:           <Monkey>
 Name:           <Monkey-7>
 Idx:            <7>
 Status:         <HEALTHY>
 Current Health: <94.0>     (Threshold: <30.0>)
 Prev Health:    <100.0>
 Health Runs:    <3>
 Feed Runs:      <1>
 Feed Value:     <21.0>
-------------------------------------------------------------------
 Type:           <Giraffe>
 Name:           <Giraffe-8>
 Idx:            <8>
 Status:         <HEALTHY>
 Current Health: <100.0>     (Threshold: <50.0>)
 Prev Health:    <100.0>
 Health Runs:    <3>
 Feed Runs:      <1>
 Feed Value:     <12.0>
-------------------------------------------------------------------
 Type:           <Elephant>
 Name:           <Elephant-9>
 Idx:            <9>
 Status:         <HEALTHY>
 Current Health: <86.0>     (Threshold: <70.0>)
 Prev Health:    <100.0>
 Health Runs:    <3>
 Feed Runs:      <1>
 Feed Value:     <11.0>
-------------------------------------------------------------------
 Type:           <Monkey>
 Name:           <Monkey-10>
 Idx:            <10>
 Status:         <HEALTHY>
 Current Health: <82.0>     (Threshold: <30.0>)
 Prev Health:    <100.0>
 Health Runs:    <3>
 Feed Runs:      <1>
 Feed Value:     <21.0>
-------------------------------------------------------------------
 Type:           <Giraffe>
 Name:           <Giraffe-11>
 Idx:            <11>
 Status:         <HEALTHY>
 Current Health: <78.0864>     (Threshold: <50.0>)
 Prev Health:    <94.08>
 Health Runs:    <3>
 Feed Runs:      <1>
 Feed Value:     <12.0>
-------------------------------------------------------------------
 Type:           <Elephant>
 Name:           <Elephant-12>
 Idx:            <12>
 Status:         <HEALTHY>
 Current Health: <77.1456>     (Threshold: <70.0>)
 Prev Health:    <91.84>
 Health Runs:    <3>
 Feed Runs:      <1>
 Feed Value:     <11.0>
-------------------------------------------------------------------
 Type:           <Monkey>
 Name:           <Monkey-13>
 Idx:            <13>
 Status:         <HEALTHY>
 Current Health: <94.0>     (Threshold: <30.0>)
 Prev Health:    <100.0>
 Health Runs:    <3>
 Feed Runs:      <1>
 Feed Value:     <21.0>
-------------------------------------------------------------------
 Type:           <Giraffe>
 Name:           <Giraffe-14>
 Idx:            <14>
 Status:         <HEALTHY>
 Current Health: <90.171196>     (Threshold: <50.0>)
 Prev Health:    <92.96>
 Health Runs:    <3>
 Feed Runs:      <1>
 Feed Value:     <12.0>
-------------------------------------------------------------------
 Type:           <Elephant>
 Name:           <Elephant-15>
 Idx:            <15>
 Status:         <HEALTHY>
 Current Health: <96.6896>     (Threshold: <70.0>)
 Prev Health:    <99.68>
 Health Runs:    <3>
 Feed Runs:      <1>
 Feed Value:     <11.0>
-------------------------------------------------------------------
*******************************************************************
***** Adjusting health of animal down... *****
*******************************************************************
animal::changeStatus(): No change to status: <HEALTHY> for <Monkey-1> (ret=1)
animal::changeStatus(): No change to status: <HEALTHY> for <Giraffe-2> (ret=1)
animal::changeStatus(): No change to status: <HEALTHY> for <Elephant-3> (ret=1)
animal::changeStatus(): No change to status: <HEALTHY> for <Monkey-4> (ret=1)
animal::changeStatus(): No change to status: <HEALTHY> for <Giraffe-5> (ret=1)
animal::changeStatus(): No change to status: <HEALTHY> for <Elephant-6> (ret=1)
animal::changeStatus(): No change to status: <HEALTHY> for <Monkey-7> (ret=1)
animal::changeStatus(): No change to status: <HEALTHY> for <Giraffe-8> (ret=1)
animal::changeStatus(): No change to status: <HEALTHY> for <Elephant-9> (ret=1)
animal::changeStatus(): No change to status: <HEALTHY> for <Monkey-10> (ret=1)
animal::changeStatus(): No change to status: <HEALTHY> for <Giraffe-11> (ret=1)
animal::changeStatus(): Status Changed from: HEALTHY -> LAME for <Elephant-12>
animal::changeStatus(): No change to status: <HEALTHY> for <Monkey-13> (ret=1)
animal::changeStatus(): No change to status: <HEALTHY> for <Giraffe-14> (ret=1)
animal::changeStatus(): No change to status: <HEALTHY> for <Elephant-15> (ret=1)
*******************************************************************
***** Adjusting health of animal down... *****
*******************************************************************
animal::changeStatus(): No change to status: <HEALTHY> for <Monkey-1> (ret=1)
animal::changeStatus(): No change to status: <HEALTHY> for <Giraffe-2> (ret=1)
animal::changeStatus(): No change to status: <HEALTHY> for <Elephant-3> (ret=1)
animal::changeStatus(): No change to status: <HEALTHY> for <Monkey-4> (ret=1)
animal::changeStatus(): No change to status: <HEALTHY> for <Giraffe-5> (ret=1)
animal::changeStatus(): Status Changed from: HEALTHY -> LAME for <Elephant-6>
animal::changeStatus(): No change to status: <HEALTHY> for <Monkey-7> (ret=1)
animal::changeStatus(): No change to status: <HEALTHY> for <Giraffe-8> (ret=1)
animal::changeStatus(): Status Changed from: HEALTHY -> LAME for <Elephant-9>
animal::changeStatus(): No change to status: <HEALTHY> for <Monkey-10> (ret=1)
animal::changeStatus(): No change to status: <HEALTHY> for <Giraffe-11> (ret=1)
animal::changeStatus(): Status Changed from: LAME -> DEAD for <Elephant-12>
animal::changeStatus(): No change to status: <HEALTHY> for <Monkey-13> (ret=1)
animal::changeStatus(): No change to status: <HEALTHY> for <Giraffe-14> (ret=1)
animal::changeStatus(): Status Changed from: HEALTHY -> LAME for <Elephant-15>
*******************************************************************
***** Adjusting health of animal down... *****
*******************************************************************
animal::changeStatus(): No change to status: <HEALTHY> for <Monkey-1> (ret=1)
animal::changeStatus(): No change to status: <HEALTHY> for <Giraffe-2> (ret=1)
animal::changeStatus(): Status Changed from: HEALTHY -> LAME for <Elephant-3>
animal::changeStatus(): No change to status: <HEALTHY> for <Monkey-4> (ret=1)
animal::changeStatus(): No change to status: <HEALTHY> for <Giraffe-5> (ret=1)
animal::changeStatus(): Status Changed from: LAME -> DEAD for <Elephant-6>
animal::changeStatus(): No change to status: <HEALTHY> for <Monkey-7> (ret=1)
animal::changeStatus(): No change to status: <HEALTHY> for <Giraffe-8> (ret=1)
animal::changeStatus(): Status Changed from: LAME -> DEAD for <Elephant-9>
animal::changeStatus(): No change to status: <HEALTHY> for <Monkey-10> (ret=1)
animal::changeStatus(): No change to status: <HEALTHY> for <Giraffe-11> (ret=1)
animal::changeStatus(): No change to status: <HEALTHY> for <Monkey-13> (ret=1)
animal::changeStatus(): No change to status: <HEALTHY> for <Giraffe-14> (ret=1)
animal::changeStatus(): Status Changed from: LAME -> DEAD for <Elephant-15>
*******************************************************************
***** Adjusting health of animal down... *****
*******************************************************************
animal::changeStatus(): No change to status: <HEALTHY> for <Monkey-1> (ret=1)
animal::changeStatus(): Status Changed from: HEALTHY -> DEAD for <Giraffe-2>
animal::changeStatus(): Status Changed from: LAME -> DEAD for <Elephant-3>
animal::changeStatus(): No change to status: <HEALTHY> for <Monkey-4> (ret=1)
animal::changeStatus(): No change to status: <HEALTHY> for <Giraffe-5> (ret=1)
animal::changeStatus(): No change to status: <HEALTHY> for <Monkey-7> (ret=1)
animal::changeStatus(): No change to status: <HEALTHY> for <Giraffe-8> (ret=1)
animal::changeStatus(): No change to status: <HEALTHY> for <Monkey-10> (ret=1)
animal::changeStatus(): Status Changed from: HEALTHY -> DEAD for <Giraffe-11>
animal::changeStatus(): No change to status: <HEALTHY> for <Monkey-13> (ret=1)
animal::changeStatus(): No change to status: <HEALTHY> for <Giraffe-14> (ret=1)
*******************************************************************
***** Adjusting health of animal down... *****
*******************************************************************
animal::changeStatus(): No change to status: <HEALTHY> for <Monkey-1> (ret=1)
animal::changeStatus(): No change to status: <HEALTHY> for <Monkey-4> (ret=1)
animal::changeStatus(): No change to status: <HEALTHY> for <Giraffe-5> (ret=1)
animal::changeStatus(): No change to status: <HEALTHY> for <Monkey-7> (ret=1)
animal::changeStatus(): No change to status: <HEALTHY> for <Giraffe-8> (ret=1)
animal::changeStatus(): No change to status: <HEALTHY> for <Monkey-10> (ret=1)
animal::changeStatus(): No change to status: <HEALTHY> for <Monkey-13> (ret=1)
animal::changeStatus(): No change to status: <HEALTHY> for <Giraffe-14> (ret=1)
*******************************************************************
***** Adjusting health of animal down... *****
*******************************************************************
animal::changeStatus(): No change to status: <HEALTHY> for <Monkey-1> (ret=1)
animal::changeStatus(): No change to status: <HEALTHY> for <Monkey-4> (ret=1)
animal::changeStatus(): Status Changed from: HEALTHY -> DEAD for <Giraffe-5>
animal::changeStatus(): No change to status: <HEALTHY> for <Monkey-7> (ret=1)
animal::changeStatus(): No change to status: <HEALTHY> for <Giraffe-8> (ret=1)
animal::changeStatus(): No change to status: <HEALTHY> for <Monkey-10> (ret=1)
animal::changeStatus(): No change to status: <HEALTHY> for <Monkey-13> (ret=1)
animal::changeStatus(): Status Changed from: HEALTHY -> DEAD for <Giraffe-14>

*******************************************************************
***** Printing attributes of all instances... *****
*******************************************************************
 Type:           <Monkey>
 Name:           <Monkey-1>
 Idx:            <1>
 Status:         <HEALTHY>
 Current Health: <35.568176>     (Threshold: <30.0>)
 Prev Health:    <42.85322>
 Health Runs:    <9>
 Feed Runs:      <1>
 Feed Value:     <21.0>
-------------------------------------------------------------------
 Type:           <Giraffe>
 Name:           <Giraffe-2>
 Idx:            <2>
 Status:         <DEAD>
 Current Health: <47.136627>     (Threshold: <50.0>)
 Prev Health:    <58.193367>
 Health Runs:    <7>
 Feed Runs:      <1>
 Feed Value:     <12.0>
-------------------------------------------------------------------
 Type:           <Elephant>
 Name:           <Elephant-3>
 Idx:            <3>
 Status:         <DEAD>
 Current Health: <55.74096>     (Threshold: <70.0>)
 Prev Health:    <65.5776>
 Health Runs:    <7>
 Feed Runs:      <1>
 Feed Value:     <11.0>
-------------------------------------------------------------------
 Type:           <Monkey>
 Name:           <Monkey-4>
 Idx:            <4>
 Status:         <HEALTHY>
 Current Health: <43.29501>     (Threshold: <30.0>)
 Prev Health:    <54.118763>
 Health Runs:    <9>
 Feed Runs:      <1>
 Feed Value:     <21.0>
-------------------------------------------------------------------
 Type:           <Giraffe>
 Name:           <Giraffe-5>
 Idx:            <5>
 Status:         <DEAD>
 Current Health: <49.90949>     (Threshold: <50.0>)
 Prev Health:    <54.249443>
 Health Runs:    <9>
 Feed Runs:      <1>
 Feed Value:     <12.0>
-------------------------------------------------------------------
 Type:           <Elephant>
 Name:           <Elephant-6>
 Idx:            <6>
 Status:         <DEAD>
 Current Health: <64.934166>     (Threshold: <70.0>)
 Prev Health:    <67.639755>
 Health Runs:    <6>
 Feed Runs:      <1>
 Feed Value:     <11.0>
-------------------------------------------------------------------
 Type:           <Monkey>
 Name:           <Monkey-7>
 Idx:            <7>
 Status:         <HEALTHY>
 Current Health: <45.91187>     (Threshold: <30.0>)
 Prev Health:    <48.32828>
 Health Runs:    <9>
 Feed Runs:      <1>
 Feed Value:     <21.0>
-------------------------------------------------------------------
 Type:           <Giraffe>
 Name:           <Giraffe-8>
 Idx:            <8>
 Status:         <HEALTHY>
 Current Health: <50.85791>     (Threshold: <50.0>)
 Prev Health:    <57.79308>
 Health Runs:    <9>
 Feed Runs:      <1>
 Feed Value:     <12.0>
-------------------------------------------------------------------
 Type:           <Elephant>
 Name:           <Elephant-9>
 Idx:            <9>
 Status:         <DEAD>
 Current Health: <54.83635>     (Threshold: <70.0>)
 Prev Health:    <66.8736>
 Health Runs:    <6>
 Feed Runs:      <1>
 Feed Value:     <11.0>
-------------------------------------------------------------------
 Type:           <Monkey>
 Name:           <Monkey-10>
 Idx:            <10>
 Status:         <HEALTHY>
 Current Health: <33.87886>     (Threshold: <30.0>)
 Prev Health:    <38.498707>
 Health Runs:    <9>
 Feed Runs:      <1>
 Feed Value:     <21.0>
-------------------------------------------------------------------
 Type:           <Giraffe>
 Name:           <Giraffe-11>
 Idx:            <11>
 Status:         <DEAD>
 Current Health: <45.930878>     (Threshold: <50.0>)
 Prev Health:    <56.704784>
 Health Runs:    <7>
 Feed Runs:      <1>
 Feed Value:     <12.0>
-------------------------------------------------------------------
 Type:           <Elephant>
 Name:           <Elephant-12>
 Idx:            <12>
 Status:         <DEAD>
 Current Health: <49.373184>     (Threshold: <70.0>)
 Prev Health:    <61.71648>
 Health Runs:    <5>
 Feed Runs:      <1>
 Feed Value:     <11.0>
-------------------------------------------------------------------
 Type:           <Monkey>
 Name:           <Monkey-13>
 Idx:            <13>
 Status:         <HEALTHY>
 Current Health: <51.174267>     (Threshold: <30.0>)
 Prev Health:    <60.921745>
 Health Runs:    <9>
 Feed Runs:      <1>
 Feed Value:     <21.0>
-------------------------------------------------------------------
 Type:           <Giraffe>
 Name:           <Giraffe-14>
 Idx:            <14>
 Status:         <DEAD>
 Current Health: <47.440758>     (Threshold: <50.0>)
 Prev Health:    <57.854584>
 Health Runs:    <9>
 Feed Runs:      <1>
 Feed Value:     <12.0>
-------------------------------------------------------------------
 Type:           <Elephant>
 Name:           <Elephant-15>
 Idx:            <15>
 Status:         <DEAD>
 Current Health: <57.828117>     (Threshold: <70.0>)
 Prev Health:    <68.842995>
 Health Runs:    <6>
 Feed Runs:      <1>
 Feed Value:     <11.0>
-------------------------------------------------------------------
*******************************************************************
***** Adjusting health of animal down... *****
*******************************************************************
animal::changeStatus(): No change to status: <HEALTHY> for <Monkey-1> (ret=1)
animal::changeStatus(): No change to status: <HEALTHY> for <Monkey-4> (ret=1)
animal::changeStatus(): No change to status: <HEALTHY> for <Monkey-7> (ret=1)
animal::changeStatus(): Status Changed from: HEALTHY -> DEAD for <Giraffe-8>
animal::changeStatus(): No change to status: <HEALTHY> for <Monkey-10> (ret=1)
animal::changeStatus(): No change to status: <HEALTHY> for <Monkey-13> (ret=1)
*******************************************************************
***** Adjusting health of animal down... *****
*******************************************************************
animal::changeStatus(): No change to status: <HEALTHY> for <Monkey-1> (ret=1)
animal::changeStatus(): No change to status: <HEALTHY> for <Monkey-4> (ret=1)
animal::changeStatus(): No change to status: <HEALTHY> for <Monkey-7> (ret=1)
animal::changeStatus(): Status Changed from: HEALTHY -> DEAD for <Monkey-10>
animal::changeStatus(): No change to status: <HEALTHY> for <Monkey-13> (ret=1)
*******************************************************************
***** Adjusting health of animal down... *****
*******************************************************************
animal::changeStatus(): Status Changed from: HEALTHY -> DEAD for <Monkey-1>
animal::changeStatus(): No change to status: <HEALTHY> for <Monkey-4> (ret=1)
animal::changeStatus(): No change to status: <HEALTHY> for <Monkey-7> (ret=1)
animal::changeStatus(): No change to status: <HEALTHY> for <Monkey-13> (ret=1)
*******************************************************************
***** Adjusting health of animal down... *****
*******************************************************************
animal::changeStatus(): Status Changed from: HEALTHY -> DEAD for <Monkey-4>
animal::changeStatus(): No change to status: <HEALTHY> for <Monkey-7> (ret=1)
animal::changeStatus(): No change to status: <HEALTHY> for <Monkey-13> (ret=1)

*******************************************************************
***** Printing attributes of all instances... *****
*******************************************************************
 Type:           <Monkey>
 Name:           <Monkey-1>
 Idx:            <1>
 Status:         <DEAD>
 Current Health: <26.223705>     (Threshold: <30.0>)
 Prev Health:    <32.779633>
 Health Runs:    <12>
 Feed Runs:      <1>
 Feed Value:     <21.0>
-------------------------------------------------------------------
 Type:           <Giraffe>
 Name:           <Giraffe-2>
 Idx:            <2>
 Status:         <DEAD>
 Current Health: <47.136627>     (Threshold: <50.0>)
 Prev Health:    <58.193367>
 Health Runs:    <7>
 Feed Runs:      <1>
 Feed Value:     <12.0>
-------------------------------------------------------------------
 Type:           <Elephant>
 Name:           <Elephant-3>
 Idx:            <3>
 Status:         <DEAD>
 Current Health: <55.74096>     (Threshold: <70.0>)
 Prev Health:    <65.5776>
 Health Runs:    <7>
 Feed Runs:      <1>
 Feed Value:     <11.0>
-------------------------------------------------------------------
 Type:           <Monkey>
 Name:           <Monkey-4>
 Idx:            <4>
 Status:         <DEAD>
 Current Health: <25.514334>     (Threshold: <30.0>)
 Prev Health:    <30.016863>
 Health Runs:    <13>
 Feed Runs:      <1>
 Feed Value:     <21.0>
-------------------------------------------------------------------
 Type:           <Giraffe>
 Name:           <Giraffe-5>
 Idx:            <5>
 Status:         <DEAD>
 Current Health: <49.90949>     (Threshold: <50.0>)
 Prev Health:    <54.249443>
 Health Runs:    <9>
 Feed Runs:      <1>
 Feed Value:     <12.0>
-------------------------------------------------------------------
 Type:           <Elephant>
 Name:           <Elephant-6>
 Idx:            <6>
 Status:         <DEAD>
 Current Health: <64.934166>     (Threshold: <70.0>)
 Prev Health:    <67.639755>
 Health Runs:    <6>
 Feed Runs:      <1>
 Feed Value:     <11.0>
-------------------------------------------------------------------
 Type:           <Monkey>
 Name:           <Monkey-7>
 Idx:            <7>
 Status:         <HEALTHY>
 Current Health: <31.157997>     (Threshold: <30.0>)
 Prev Health:    <38.466663>
 Health Runs:    <13>
 Feed Runs:      <1>
 Feed Value:     <21.0>
-------------------------------------------------------------------
 Type:           <Giraffe>
 Name:           <Giraffe-8>
 Idx:            <8>
 Status:         <DEAD>
 Current Health: <43.7378>     (Threshold: <50.0>)
 Prev Health:    <50.85791>
 Health Runs:    <10>
 Feed Runs:      <1>
 Feed Value:     <12.0>
-------------------------------------------------------------------
 Type:           <Elephant>
 Name:           <Elephant-9>
 Idx:            <9>
 Status:         <DEAD>
 Current Health: <54.83635>     (Threshold: <70.0>)
 Prev Health:    <66.8736>
 Health Runs:    <6>
 Feed Runs:      <1>
 Feed Value:     <11.0>
-------------------------------------------------------------------
 Type:           <Monkey>
 Name:           <Monkey-10>
 Idx:            <10>
 Status:         <DEAD>
 Current Health: <27.275871>     (Threshold: <30.0>)
 Prev Health:    <32.862495>
 Health Runs:    <11>
 Feed Runs:      <1>
 Feed Value:     <21.0>
-------------------------------------------------------------------
 Type:           <Giraffe>
 Name:           <Giraffe-11>
 Idx:            <11>
 Status:         <DEAD>
 Current Health: <45.930878>     (Threshold: <50.0>)
 Prev Health:    <56.704784>
 Health Runs:    <7>
 Feed Runs:      <1>
 Feed Value:     <12.0>
-------------------------------------------------------------------
 Type:           <Elephant>
 Name:           <Elephant-12>
 Idx:            <12>
 Status:         <DEAD>
 Current Health: <49.373184>     (Threshold: <70.0>)
 Prev Health:    <61.71648>
 Health Runs:    <5>
 Feed Runs:      <1>
 Feed Value:     <11.0>
-------------------------------------------------------------------
 Type:           <Monkey>
 Name:           <Monkey-13>
 Idx:            <13>
 Status:         <HEALTHY>
 Current Health: <35.080982>     (Threshold: <30.0>)
 Prev Health:    <35.080982>
 Health Runs:    <13>
 Feed Runs:      <1>
 Feed Value:     <21.0>
-------------------------------------------------------------------
 Type:           <Giraffe>
 Name:           <Giraffe-14>
 Idx:            <14>
 Status:         <DEAD>
 Current Health: <47.440758>     (Threshold: <50.0>)
 Prev Health:    <57.854584>
 Health Runs:    <9>
 Feed Runs:      <1>
 Feed Value:     <12.0>
-------------------------------------------------------------------
 Type:           <Elephant>
 Name:           <Elephant-15>
 Idx:            <15>
 Status:         <DEAD>
 Current Health: <57.828117>     (Threshold: <70.0>)
 Prev Health:    <68.842995>
 Health Runs:    <6>
 Feed Runs:      <1>
 Feed Value:     <11.0>
-------------------------------------------------------------------
*******************************************************************
***** Feeding all animals... *****
*******************************************************************
****************** printRandomFeedValue() ******************
Monkey   = <15>
Giraffe  = <17>
Elephant = <23>
************************************************************

*******************************************************************
***** Printing attributes of all instances... *****
*******************************************************************
 Type:           <Monkey>
 Name:           <Monkey-1>
 Idx:            <1>
 Status:         <DEAD>
 Current Health: <26.223705>     (Threshold: <30.0>)
 Prev Health:    <32.779633>
 Health Runs:    <12>
 Feed Runs:      <1>
 Feed Value:     <21.0>
-------------------------------------------------------------------
 Type:           <Giraffe>
 Name:           <Giraffe-2>
 Idx:            <2>
 Status:         <DEAD>
 Current Health: <47.136627>     (Threshold: <50.0>)
 Prev Health:    <58.193367>
 Health Runs:    <7>
 Feed Runs:      <1>
 Feed Value:     <12.0>
-------------------------------------------------------------------
 Type:           <Elephant>
 Name:           <Elephant-3>
 Idx:            <3>
 Status:         <DEAD>
 Current Health: <55.74096>     (Threshold: <70.0>)
 Prev Health:    <65.5776>
 Health Runs:    <7>
 Feed Runs:      <1>
 Feed Value:     <11.0>
-------------------------------------------------------------------
 Type:           <Monkey>
 Name:           <Monkey-4>
 Idx:            <4>
 Status:         <DEAD>
 Current Health: <25.514334>     (Threshold: <30.0>)
 Prev Health:    <30.016863>
 Health Runs:    <13>
 Feed Runs:      <1>
 Feed Value:     <21.0>
-------------------------------------------------------------------
 Type:           <Giraffe>
 Name:           <Giraffe-5>
 Idx:            <5>
 Status:         <DEAD>
 Current Health: <49.90949>     (Threshold: <50.0>)
 Prev Health:    <54.249443>
 Health Runs:    <9>
 Feed Runs:      <1>
 Feed Value:     <12.0>
-------------------------------------------------------------------
 Type:           <Elephant>
 Name:           <Elephant-6>
 Idx:            <6>
 Status:         <DEAD>
 Current Health: <64.934166>     (Threshold: <70.0>)
 Prev Health:    <67.639755>
 Health Runs:    <6>
 Feed Runs:      <1>
 Feed Value:     <11.0>
-------------------------------------------------------------------
 Type:           <Monkey>
 Name:           <Monkey-7>
 Idx:            <7>
 Status:         <HEALTHY>
 Current Health: <36.454857>     (Threshold: <30.0>)
 Prev Health:    <31.157997>
 Health Runs:    <13>
 Feed Runs:      <2>
 Feed Value:     <15.0>
-------------------------------------------------------------------
 Type:           <Giraffe>
 Name:           <Giraffe-8>
 Idx:            <8>
 Status:         <DEAD>
 Current Health: <43.7378>     (Threshold: <50.0>)
 Prev Health:    <50.85791>
 Health Runs:    <10>
 Feed Runs:      <1>
 Feed Value:     <12.0>
-------------------------------------------------------------------
 Type:           <Elephant>
 Name:           <Elephant-9>
 Idx:            <9>
 Status:         <DEAD>
 Current Health: <54.83635>     (Threshold: <70.0>)
 Prev Health:    <66.8736>
 Health Runs:    <6>
 Feed Runs:      <1>
 Feed Value:     <11.0>
-------------------------------------------------------------------
 Type:           <Monkey>
 Name:           <Monkey-10>
 Idx:            <10>
 Status:         <DEAD>
 Current Health: <27.275871>     (Threshold: <30.0>)
 Prev Health:    <32.862495>
 Health Runs:    <11>
 Feed Runs:      <1>
 Feed Value:     <21.0>
-------------------------------------------------------------------
 Type:           <Giraffe>
 Name:           <Giraffe-11>
 Idx:            <11>
 Status:         <DEAD>
 Current Health: <45.930878>     (Threshold: <50.0>)
 Prev Health:    <56.704784>
 Health Runs:    <7>
 Feed Runs:      <1>
 Feed Value:     <12.0>
-------------------------------------------------------------------
 Type:           <Elephant>
 Name:           <Elephant-12>
 Idx:            <12>
 Status:         <DEAD>
 Current Health: <49.373184>     (Threshold: <70.0>)
 Prev Health:    <61.71648>
 Health Runs:    <5>
 Feed Runs:      <1>
 Feed Value:     <11.0>
-------------------------------------------------------------------
 Type:           <Monkey>
 Name:           <Monkey-13>
 Idx:            <13>
 Status:         <HEALTHY>
 Current Health: <41.04475>     (Threshold: <30.0>)
 Prev Health:    <35.080982>
 Health Runs:    <13>
 Feed Runs:      <2>
 Feed Value:     <15.0>
-------------------------------------------------------------------
 Type:           <Giraffe>
 Name:           <Giraffe-14>
 Idx:            <14>
 Status:         <DEAD>
 Current Health: <47.440758>     (Threshold: <50.0>)
 Prev Health:    <57.854584>
 Health Runs:    <9>
 Feed Runs:      <1>
 Feed Value:     <12.0>
-------------------------------------------------------------------
 Type:           <Elephant>
 Name:           <Elephant-15>
 Idx:            <15>
 Status:         <DEAD>
 Current Health: <57.828117>     (Threshold: <70.0>)
 Prev Health:    <68.842995>
 Health Runs:    <6>
 Feed Runs:      <1>
 Feed Value:     <11.0>
-------------------------------------------------------------------
*******************************************************************
***** Adjusting health of animal down... *****
*******************************************************************
animal::changeStatus(): Status Changed from: HEALTHY -> DEAD for <Monkey-7>
animal::changeStatus(): No change to status: <HEALTHY> for <Monkey-13> (ret=1)

*******************************************************************
***** Printing attributes of all instances... *****
*******************************************************************
 Type:           <Monkey>
 Name:           <Monkey-1>
 Idx:            <1>
 Status:         <DEAD>
 Current Health: <26.223705>     (Threshold: <30.0>)
 Prev Health:    <32.779633>
 Health Runs:    <12>
 Feed Runs:      <1>
 Feed Value:     <21.0>
-------------------------------------------------------------------
 Type:           <Giraffe>
 Name:           <Giraffe-2>
 Idx:            <2>
 Status:         <DEAD>
 Current Health: <47.136627>     (Threshold: <50.0>)
 Prev Health:    <58.193367>
 Health Runs:    <7>
 Feed Runs:      <1>
 Feed Value:     <12.0>
-------------------------------------------------------------------
 Type:           <Elephant>
 Name:           <Elephant-3>
 Idx:            <3>
 Status:         <DEAD>
 Current Health: <55.74096>     (Threshold: <70.0>)
 Prev Health:    <65.5776>
 Health Runs:    <7>
 Feed Runs:      <1>
 Feed Value:     <11.0>
-------------------------------------------------------------------
 Type:           <Monkey>
 Name:           <Monkey-4>
 Idx:            <4>
 Status:         <DEAD>
 Current Health: <25.514334>     (Threshold: <30.0>)
 Prev Health:    <30.016863>
 Health Runs:    <13>
 Feed Runs:      <1>
 Feed Value:     <21.0>
-------------------------------------------------------------------
 Type:           <Giraffe>
 Name:           <Giraffe-5>
 Idx:            <5>
 Status:         <DEAD>
 Current Health: <49.90949>     (Threshold: <50.0>)
 Prev Health:    <54.249443>
 Health Runs:    <9>
 Feed Runs:      <1>
 Feed Value:     <12.0>
-------------------------------------------------------------------
 Type:           <Elephant>
 Name:           <Elephant-6>
 Idx:            <6>
 Status:         <DEAD>
 Current Health: <64.934166>     (Threshold: <70.0>)
 Prev Health:    <67.639755>
 Health Runs:    <6>
 Feed Runs:      <1>
 Feed Value:     <11.0>
-------------------------------------------------------------------
 Type:           <Monkey>
 Name:           <Monkey-7>
 Idx:            <7>
 Status:         <DEAD>
 Current Health: <29.528435>     (Threshold: <30.0>)
 Prev Health:    <36.454857>
 Health Runs:    <15>
 Feed Runs:      <2>
 Feed Value:     <15.0>
-------------------------------------------------------------------
 Type:           <Giraffe>
 Name:           <Giraffe-8>
 Idx:            <8>
 Status:         <DEAD>
 Current Health: <43.7378>     (Threshold: <50.0>)
 Prev Health:    <50.85791>
 Health Runs:    <10>
 Feed Runs:      <1>
 Feed Value:     <12.0>
-------------------------------------------------------------------
 Type:           <Elephant>
 Name:           <Elephant-9>
 Idx:            <9>
 Status:         <DEAD>
 Current Health: <54.83635>     (Threshold: <70.0>)
 Prev Health:    <66.8736>
 Health Runs:    <6>
 Feed Runs:      <1>
 Feed Value:     <11.0>
-------------------------------------------------------------------
 Type:           <Monkey>
 Name:           <Monkey-10>
 Idx:            <10>
 Status:         <DEAD>
 Current Health: <27.275871>     (Threshold: <30.0>)
 Prev Health:    <32.862495>
 Health Runs:    <11>
 Feed Runs:      <1>
 Feed Value:     <21.0>
-------------------------------------------------------------------
 Type:           <Giraffe>
 Name:           <Giraffe-11>
 Idx:            <11>
 Status:         <DEAD>
 Current Health: <45.930878>     (Threshold: <50.0>)
 Prev Health:    <56.704784>
 Health Runs:    <7>
 Feed Runs:      <1>
 Feed Value:     <12.0>
-------------------------------------------------------------------
 Type:           <Elephant>
 Name:           <Elephant-12>
 Idx:            <12>
 Status:         <DEAD>
 Current Health: <49.373184>     (Threshold: <70.0>)
 Prev Health:    <61.71648>
 Health Runs:    <5>
 Feed Runs:      <1>
 Feed Value:     <11.0>
-------------------------------------------------------------------
 Type:           <Monkey>
 Name:           <Monkey-13>
 Idx:            <13>
 Status:         <HEALTHY>
 Current Health: <33.246246>     (Threshold: <30.0>)
 Prev Health:    <41.04475>
 Health Runs:    <15>
 Feed Runs:      <2>
 Feed Value:     <15.0>
-------------------------------------------------------------------
 Type:           <Giraffe>
 Name:           <Giraffe-14>
 Idx:            <14>
 Status:         <DEAD>
 Current Health: <47.440758>     (Threshold: <50.0>)
 Prev Health:    <57.854584>
 Health Runs:    <9>
 Feed Runs:      <1>
 Feed Value:     <12.0>
-------------------------------------------------------------------
 Type:           <Elephant>
 Name:           <Elephant-15>
 Idx:            <15>
 Status:         <DEAD>
 Current Health: <57.828117>     (Threshold: <70.0>)
 Prev Health:    <68.842995>
 Health Runs:    <6>
 Feed Runs:      <1>
 Feed Value:     <11.0>
-------------------------------------------------------------------

